2020-07-10  14:50:19.791-  Server ip: 127.0.0.1, port : 6000connected.!
2020-07-10  14:50:20.069  RX  [7]
	 00 00 02 01 10 00 00
2020-07-10  14:50:20.071  MSG HND  [7]
	 00 00 02 01 10 00 00
2020-07-10  14:50:21.070  RX  [7]
	 00 00 02 02 10 00 00
2020-07-10  14:50:21.071  MSG HND  [7]
	 00 00 02 02 10 00 00
2020-07-10  14:50:22.071  RX  [7]
	 00 00 02 03 10 00 00
2020-07-10  14:50:22.072  MSG HND  [7]
	 00 00 02 03 10 00 00
2020-07-10  14:50:23.072  RX  [7]
	 00 00 02 04 10 00 00
2020-07-10  14:50:23.074  MSG HND  [7]
	 00 00 02 04 10 00 00
2020-07-10  14:50:24.073  RX  [7]
	 00 00 02 05 10 00 00
2020-07-10  14:50:24.077  MSG HND  [7]
	 00 00 02 05 10 00 00
2020-07-10  14:50:25.074  RX  [7]
	 00 00 02 06 10 00 00
2020-07-10  14:50:25.079  MSG HND  [7]
	 00 00 02 06 10 00 00
2020-07-10  14:50:26.075  RX  [7]
	 00 00 02 07 10 00 00
2020-07-10  14:50:26.077  MSG HND  [7]
	 00 00 02 07 10 00 00
2020-07-10  14:50:27.077  RX  [35]
	 00 00 1E 08 10 00 01 01 01 01 00 00 0A 01 00 00 00 00 00 00
	 00 00 00 00 00 00 00 00 00 00 00 00 00 00 00
2020-07-10  14:50:27.086  MSG HND  [35]
	 00 00 1E 08 10 00 01 01 01 01 00 00 0A 01 00 00 00 00 00 00
	 00 00 00 00 00 00 00 00 00 00 00 00 00 00 00
2020-07-10  14:50:28.078  RX  [35]
	 00 00 1E 09 10 00 01 01 01 01 00 00 0A 01 00 00 00 00 00 00
	 00 00 00 00 00 00 00 00 00 00 00 00 00 00 00
2020-07-10  14:50:28.086  MSG HND  [35]
	 00 00 1E 09 10 00 01 01 01 01 00 00 0A 01 00 00 00 00 00 00
	 00 00 00 00 00 00 00 00 00 00 00 00 00 00 00
2020-07-10  14:50:29.081  RX  [63]
	 00 00 3A 0A 10 00 02 01 01 01 00 00 0A 01 00 00 00 00 00 00
	 00 00 00 00 00 00 00 00 00 00 00 00 00 00 00 02 01 01 00 00
	 06 00 00 00 00 00 00 00 00 00 00 00 00 00 00 00 00 00 00 00
	 00 00 01
2020-07-10  14:50:29.091  MSG HND  [63]
	 00 00 3A 0A 10 00 02 01 01 01 00 00 0A 01 00 00 00 00 00 00
	 00 00 00 00 00 00 00 00 00 00 00 00 00 00 00 02 01 01 00 00
	 06 00 00 00 00 00 00 00 00 00 00 00 00 00 00 00 00 00 00 00
	 00 00 01
2020-07-10  14:50:30.083  RX  [91]
	 00 00 56 0B 10 00 03 01 01 01 00 00 0A 01 00 00 00 00 00 00
	 00 00 00 00 00 00 00 00 00 00 00 00 00 00 00 02 01 01 00 00
	 06 00 00 00 00 00 00 00 00 00 00 00 00 00 00 00 00 00 00 00
	 00 00 01 03 01 05 00 00 06 01 00 00 00 00 00 00 00 00 00 00
	 00 00 00 00 00 00 00 00 00 00 00
2020-07-10  14:50:30.084  MSG HND  [91]
	 00 00 56 0B 10 00 03 01 01 01 00 00 0A 01 00 00 00 00 00 00
	 00 00 00 00 00 00 00 00 00 00 00 00 00 00 00 02 01 01 00 00
	 06 00 00 00 00 00 00 00 00 00 00 00 00 00 00 00 00 00 00 00
	 00 00 01 03 01 05 00 00 06 01 00 00 00 00 00 00 00 00 00 00
	 00 00 00 00 00 00 00 00 00 00 00
2020-07-10  14:50:31.084  RX  [91]
	 00 00 56 0C 10 00 03 01 01 01 00 00 0A 01 00 00 00 00 00 00
	 00 00 00 00 00 00 00 00 00 00 00 00 00 00 00 02 01 01 00 00
	 06 00 00 00 00 00 00 00 00 00 00 00 00 00 00 00 00 00 00 00
	 00 00 01 03 01 05 00 00 06 01 00 00 00 00 00 00 00 00 00 00
	 00 00 00 00 00 00 00 00 00 00 00
2020-07-10  14:50:31.092  MSG HND  [91]
	 00 00 56 0C 10 00 03 01 01 01 00 00 0A 01 00 00 00 00 00 00
	 00 00 00 00 00 00 00 00 00 00 00 00 00 00 00 02 01 01 00 00
	 06 00 00 00 00 00 00 00 00 00 00 00 00 00 00 00 00 00 00 00
	 00 00 01 03 01 05 00 00 06 01 00 00 00 00 00 00 00 00 00 00
	 00 00 00 00 00 00 00 00 00 00 00
2020-07-10  14:50:32.086  RX  [91]
	 00 00 56 0D 10 00 03 02 01 01 00 00 06 00 00 00 00 00 00 00
	 00 00 00 00 00 00 00 00 00 00 00 00 00 00 01 03 01 05 00 00
	 06 01 00 00 00 00 00 00 00 00 00 00 00 00 00 00 00 00 00 00
	 00 00 00 01 01 01 00 00 0E 01 00 00 00 00 00 00 00 00 00 00
	 00 00 00 00 00 00 00 00 00 00 00
2020-07-10  14:50:32.092  MSG HND  [91]
	 00 00 56 0D 10 00 03 02 01 01 00 00 06 00 00 00 00 00 00 00
	 00 00 00 00 00 00 00 00 00 00 00 00 00 00 01 03 01 05 00 00
	 06 01 00 00 00 00 00 00 00 00 00 00 00 00 00 00 00 00 00 00
	 00 00 00 01 01 01 00 00 0E 01 00 00 00 00 00 00 00 00 00 00
	 00 00 00 00 00 00 00 00 00 00 00
2020-07-10  14:50:33.087  RX  [91]
	 00 00 56 0E 10 00 03 03 01 05 00 00 06 01 00 00 00 00 00 00
	 00 00 00 00 00 00 00 00 00 00 00 00 00 00 00 01 01 01 00 00
	 0E 01 00 00 00 00 00 00 00 00 00 00 00 00 00 00 00 00 00 00
	 00 00 00 02 01 01 00 00 0E 00 00 00 00 00 00 00 00 00 00 00
	 00 00 00 00 00 00 00 00 00 00 01
2020-07-10  14:50:33.094  MSG HND  [91]
	 00 00 56 0E 10 00 03 03 01 05 00 00 06 01 00 00 00 00 00 00
	 00 00 00 00 00 00 00 00 00 00 00 00 00 00 00 01 01 01 00 00
	 0E 01 00 00 00 00 00 00 00 00 00 00 00 00 00 00 00 00 00 00
	 00 00 00 02 01 01 00 00 0E 00 00 00 00 00 00 00 00 00 00 00
	 00 00 00 00 00 00 00 00 00 00 01
2020-07-10  14:50:34.088  RX  [91]
	 00 00 56 0F 10 00 03 01 01 01 00 00 0E 01 00 00 00 00 00 00
	 00 00 00 00 00 00 00 00 00 00 00 00 00 00 00 02 01 01 00 00
	 0E 00 00 00 00 00 00 00 00 00 00 00 00 00 00 00 00 00 00 00
	 00 00 01 03 01 05 00 00 0E 01 00 00 00 00 00 00 00 00 00 00
	 00 00 00 00 00 00 00 00 00 00 00
2020-07-10  14:50:34.089  MSG HND  [91]
	 00 00 56 0F 10 00 03 01 01 01 00 00 0E 01 00 00 00 00 00 00
	 00 00 00 00 00 00 00 00 00 00 00 00 00 00 00 02 01 01 00 00
	 0E 00 00 00 00 00 00 00 00 00 00 00 00 00 00 00 00 00 00 00
	 00 00 01 03 01 05 00 00 0E 01 00 00 00 00 00 00 00 00 00 00
	 00 00 00 00 00 00 00 00 00 00 00
2020-07-10  14:54:02.331-  Server ip: 127.0.0.1, port : 6000connected.!
2020-07-10  14:54:02.809  RX  [7]
	 00 00 02 01 10 00 00
2020-07-10  14:54:02.810  MSG HND  [7]
	 00 00 02 01 10 00 00
2020-07-10  14:54:03.814  RX  [7]
	 00 00 02 02 10 00 00
2020-07-10  14:54:03.815  MSG HND  [7]
	 00 00 02 02 10 00 00
2020-07-10  14:54:04.815  RX  [7]
	 00 00 02 03 10 00 00
2020-07-10  14:54:04.816  MSG HND  [7]
	 00 00 02 03 10 00 00
2020-07-10  14:54:05.818  RX  [7]
	 00 00 02 04 10 00 00
2020-07-10  14:54:05.819  MSG HND  [7]
	 00 00 02 04 10 00 00
2020-07-10  14:54:06.828  RX  [7]
	 00 00 02 05 10 00 00
2020-07-10  14:54:06.832  MSG HND  [7]
	 00 00 02 05 10 00 00
2020-07-10  14:54:07.831  RX  [35]
	 00 00 1E 06 10 00 01 01 01 02 00 00 00 00 00 00 00 00 00 00
	 00 00 00 00 00 00 00 00 00 00 00 00 00 00 00
2020-07-10  14:54:07.833  MSG HND  [35]
	 00 00 1E 06 10 00 01 01 01 02 00 00 00 00 00 00 00 00 00 00
	 00 00 00 00 00 00 00 00 00 00 00 00 00 00 00
2020-07-10  14:54:08.840  RX  [35]
	 00 00 1E 07 10 00 01 01 01 02 00 00 00 00 00 00 00 00 00 00
	 00 00 00 00 00 00 00 00 00 00 00 00 00 00 00
2020-07-10  14:54:08.845  MSG HND  [35]
	 00 00 1E 07 10 00 01 01 01 02 00 00 00 00 00 00 00 00 00 00
	 00 00 00 00 00 00 00 00 00 00 00 00 00 00 00
2020-07-10  14:54:09.852  RX  [35]
	 00 00 1E 08 10 00 01 01 01 02 00 00 00 00 00 00 00 00 00 00
	 00 00 00 00 00 00 00 00 00 00 00 00 00 00 00
2020-07-10  14:54:09.853  MSG HND  [35]
	 00 00 1E 08 10 00 01 01 01 02 00 00 00 00 00 00 00 00 00 00
	 00 00 00 00 00 00 00 00 00 00 00 00 00 00 00
2020-07-10  14:54:10.856  RX  [35]
	 00 00 1E 09 10 00 01 01 01 02 00 00 00 00 00 00 00 00 00 00
	 00 00 00 00 00 00 00 00 00 00 00 00 00 00 00
2020-07-10  14:54:10.857  MSG HND  [35]
	 00 00 1E 09 10 00 01 01 01 02 00 00 00 00 00 00 00 00 00 00
	 00 00 00 00 00 00 00 00 00 00 00 00 00 00 00
2020-07-10  14:54:11.866  RX  [35]
	 00 00 1E 0A 10 00 01 01 01 02 00 00 00 00 00 00 00 00 00 00
	 00 00 00 00 00 00 00 00 00 00 00 00 00 00 00
2020-07-10  14:54:11.871  MSG HND  [35]
	 00 00 1E 0A 10 00 01 01 01 02 00 00 00 00 00 00 00 00 00 00
	 00 00 00 00 00 00 00 00 00 00 00 00 00 00 00
2020-07-10  14:54:12.880  RX  [35]
	 00 00 1E 0B 10 00 01 01 01 02 00 00 00 00 00 00 00 00 00 00
	 00 00 00 00 00 00 00 00 00 00 00 00 00 00 00
2020-07-10  14:54:12.882  MSG HND  [35]
	 00 00 1E 0B 10 00 01 01 01 02 00 00 00 00 00 00 00 00 00 00
	 00 00 00 00 00 00 00 00 00 00 00 00 00 00 00
2020-07-10  14:54:13.891  RX  [35]
	 00 00 1E 0C 10 00 01 01 01 02 00 00 00 00 00 00 00 00 00 00
	 00 00 00 00 00 00 00 00 00 00 00 00 00 00 00
2020-07-10  14:54:13.892  MSG HND  [35]
	 00 00 1E 0C 10 00 01 01 01 02 00 00 00 00 00 00 00 00 00 00
	 00 00 00 00 00 00 00 00 00 00 00 00 00 00 00
2020-07-10  14:54:14.897  RX  [35]
	 00 00 1E 0D 10 00 01 01 01 02 00 00 00 00 00 00 00 00 00 00
	 00 00 00 00 00 00 00 00 00 00 00 00 00 00 00
2020-07-10  14:54:14.897  MSG HND  [35]
	 00 00 1E 0D 10 00 01 01 01 02 00 00 00 00 00 00 00 00 00 00
	 00 00 00 00 00 00 00 00 00 00 00 00 00 00 00
2020-07-10  14:54:15.903  RX  [35]
	 00 00 1E 0E 10 00 01 01 01 02 00 00 00 00 00 00 00 00 00 00
	 00 00 00 00 00 00 00 00 00 00 00 00 00 00 00
2020-07-10  14:54:15.905  MSG HND  [35]
	 00 00 1E 0E 10 00 01 01 01 02 00 00 00 00 00 00 00 00 00 00
	 00 00 00 00 00 00 00 00 00 00 00 00 00 00 00
2020-07-10  14:54:16.911  RX  [63]
	 00 00 3A 0F 10 00 02 01 01 02 00 00 00 00 00 00 00 00 00 00
	 00 00 00 00 00 00 00 00 00 00 00 00 00 00 00 02 01 02 00 00
	 00 00 00 00 00 00 00 00 00 00 00 00 00 00 00 00 00 00 00 00
	 00 00 00
2020-07-10  14:54:16.917  MSG HND  [63]
	 00 00 3A 0F 10 00 02 01 01 02 00 00 00 00 00 00 00 00 00 00
	 00 00 00 00 00 00 00 00 00 00 00 00 00 00 00 02 01 02 00 00
	 00 00 00 00 00 00 00 00 00 00 00 00 00 00 00 00 00 00 00 00
	 00 00 00
2020-07-10  14:54:17.919  RX  [63]
	 00 00 3A 10 10 00 02 01 01 02 00 00 00 00 00 00 00 00 00 00
	 00 00 00 00 00 00 00 00 00 00 00 00 00 00 00 02 01 02 00 00
	 00 00 00 00 00 00 00 00 00 00 00 00 00 00 00 00 00 00 00 00
	 00 00 00
2020-07-10  14:54:17.922  MSG HND  [63]
	 00 00 3A 10 10 00 02 01 01 02 00 00 00 00 00 00 00 00 00 00
	 00 00 00 00 00 00 00 00 00 00 00 00 00 00 00 02 01 02 00 00
	 00 00 00 00 00 00 00 00 00 00 00 00 00 00 00 00 00 00 00 00
	 00 00 00
2020-07-10  14:54:18.930  RX  [63]
	 00 00 3A 11 10 00 02 01 01 02 00 00 00 00 00 00 00 00 00 00
	 00 00 00 00 00 00 00 00 00 00 00 00 00 00 00 02 01 02 00 00
	 00 00 00 00 00 00 00 00 00 00 00 00 00 00 00 00 00 00 00 00
	 00 00 00
2020-07-10  14:54:18.931  MSG HND  [63]
	 00 00 3A 11 10 00 02 01 01 02 00 00 00 00 00 00 00 00 00 00
	 00 00 00 00 00 00 00 00 00 00 00 00 00 00 00 02 01 02 00 00
	 00 00 00 00 00 00 00 00 00 00 00 00 00 00 00 00 00 00 00 00
	 00 00 00
2020-07-10  14:54:19.939  RX  [63]
	 00 00 3A 12 10 00 02 01 01 02 00 00 00 00 00 00 00 00 00 00
	 00 00 00 00 00 00 00 00 00 00 00 00 00 00 00 02 01 02 00 00
	 00 00 00 00 00 00 00 00 00 00 00 00 00 00 00 00 00 00 00 00
	 00 00 00
2020-07-10  14:54:19.945  MSG HND  [63]
	 00 00 3A 12 10 00 02 01 01 02 00 00 00 00 00 00 00 00 00 00
	 00 00 00 00 00 00 00 00 00 00 00 00 00 00 00 02 01 02 00 00
	 00 00 00 00 00 00 00 00 00 00 00 00 00 00 00 00 00 00 00 00
	 00 00 00
