2020-07-20  16:48:30.304-  dial tcp 127.0.0.1:6000: connectex: No connection could be made because the target machine actively refused it.
2020-07-20  16:48:32.335-  dial tcp 127.0.0.1:6000: connectex: No connection could be made because the target machine actively refused it.
2020-07-20  16:48:34.438-  dial tcp 127.0.0.1:6000: connectex: No connection could be made because the target machine actively refused it.
2020-07-20  16:48:36.544-  dial tcp 127.0.0.1:6000: connectex: No connection could be made because the target machine actively refused it.
2020-07-20  16:48:38.648-  dial tcp 127.0.0.1:6000: connectex: No connection could be made because the target machine actively refused it.
2020-07-20  16:48:40.752-  dial tcp 127.0.0.1:6000: connectex: No connection could be made because the target machine actively refused it.
2020-07-20  16:48:42.856-  dial tcp 127.0.0.1:6000: connectex: No connection could be made because the target machine actively refused it.
2020-07-20  16:48:44.960-  dial tcp 127.0.0.1:6000: connectex: No connection could be made because the target machine actively refused it.
2020-07-20  16:48:47.065-  dial tcp 127.0.0.1:6000: connectex: No connection could be made because the target machine actively refused it.
2020-07-20  16:48:49.168-  dial tcp 127.0.0.1:6000: connectex: No connection could be made because the target machine actively refused it.
2020-07-20  16:49:51.630-  dial tcp 127.0.0.1:6000: connectex: No connection could be made because the target machine actively refused it.
2020-07-20  16:49:53.658-  dial tcp 127.0.0.1:6000: connectex: No connection could be made because the target machine actively refused it.
2020-07-20  16:49:55.759-  dial tcp 127.0.0.1:6000: connectex: No connection could be made because the target machine actively refused it.
2020-07-20  16:49:57.861-  dial tcp 127.0.0.1:6000: connectex: No connection could be made because the target machine actively refused it.
2020-07-20  16:49:59.964-  dial tcp 127.0.0.1:6000: connectex: No connection could be made because the target machine actively refused it.
2020-07-20  16:50:02.069-  dial tcp 127.0.0.1:6000: connectex: No connection could be made because the target machine actively refused it.
2020-07-20  16:50:04.173-  dial tcp 127.0.0.1:6000: connectex: No connection could be made because the target machine actively refused it.
2020-07-20  16:50:06.277-  dial tcp 127.0.0.1:6000: connectex: No connection could be made because the target machine actively refused it.
2020-07-20  17:13:00.416-  Server ip: 127.0.0.1, port : 6000connected.!
2020-07-20  17:13:01.110  RX  [7]
	 00 00 02 01 10 00 00
2020-07-20  17:13:01.120  MSG HND  [7]
	 00 00 02 01 10 00 00
2020-07-20  17:13:02.111  RX  [7]
	 00 00 02 02 10 00 00
2020-07-20  17:13:02.113  MSG HND  [7]
	 00 00 02 02 10 00 00
2020-07-20  17:13:03.111  RX  [7]
	 00 00 02 03 10 00 00
2020-07-20  17:13:03.115  MSG HND  [7]
	 00 00 02 03 10 00 00
2020-07-20  17:13:04.113  RX  [7]
	 00 00 02 04 10 00 00
2020-07-20  17:13:04.118  MSG HND  [7]
	 00 00 02 04 10 00 00
2020-07-20  17:13:05.113  RX  [7]
	 00 00 02 05 10 00 00
2020-07-20  17:13:05.114  MSG HND  [7]
	 00 00 02 05 10 00 00
2020-07-20  17:13:06.114  RX  [7]
	 00 00 02 06 10 00 00
2020-07-20  17:13:06.117  MSG HND  [7]
	 00 00 02 06 10 00 00
2020-07-20  17:13:07.115  RX  [7]
	 00 00 02 07 10 00 00
2020-07-20  17:13:07.126  MSG HND  [7]
	 00 00 02 07 10 00 00
2020-07-20  17:13:08.116  RX  [7]
	 00 00 02 08 10 00 00
2020-07-20  17:13:08.117  MSG HND  [7]
	 00 00 02 08 10 00 00
2020-07-20  17:13:09.116  RX  [7]
	 00 00 02 09 10 00 00
2020-07-20  17:13:09.118  MSG HND  [7]
	 00 00 02 09 10 00 00
2020-07-20  17:13:10.118  RX  [7]
	 00 00 02 0A 10 00 00
2020-07-20  17:13:10.120  MSG HND  [7]
	 00 00 02 0A 10 00 00
2020-07-20  17:13:11.118  RX  [7]
	 00 00 02 0B 10 00 00
2020-07-20  17:13:11.125  MSG HND  [7]
	 00 00 02 0B 10 00 00
2020-07-20  17:13:12.120  RX  [7]
	 00 00 02 0C 10 00 00
2020-07-20  17:13:12.133  MSG HND  [7]
	 00 00 02 0C 10 00 00
2020-07-20  17:13:13.122  RX  [35]
	 00 00 1E 0D 10 00 01 01 01 01 00 00 00 00 00 00 00 00 00 00
	 00 00 00 00 00 00 00 00 00 00 00 00 00 00 00
2020-07-20  17:13:13.131  MSG HND  [35]
	 00 00 1E 0D 10 00 01 01 01 01 00 00 00 00 00 00 00 00 00 00
	 00 00 00 00 00 00 00 00 00 00 00 00 00 00 00
2020-07-20  17:13:14.124  RX  [35]
	 00 00 1E 0E 10 00 01 01 01 01 00 00 08 00 00 00 00 00 00 00
	 00 00 00 00 00 00 00 00 00 00 00 00 00 00 00
2020-07-20  17:13:14.135  MSG HND  [35]
	 00 00 1E 0E 10 00 01 01 01 01 00 00 08 00 00 00 00 00 00 00
	 00 00 00 00 00 00 00 00 00 00 00 00 00 00 00
2020-07-20  17:13:15.126  RX  [35]
	 00 00 1E 0F 10 00 01 01 01 01 00 00 08 00 00 00 00 00 00 00
	 00 00 00 00 00 00 00 00 00 00 00 00 00 00 00
2020-07-20  17:13:15.128  MSG HND  [35]
	 00 00 1E 0F 10 00 01 01 01 01 00 00 08 00 00 00 00 00 00 00
	 00 00 00 00 00 00 00 00 00 00 00 00 00 00 00
2020-07-20  17:13:16.127  RX  [35]
	 00 00 1E 10 10 00 01 01 01 01 00 00 08 00 00 00 00 00 00 00
	 00 00 00 00 00 00 00 00 00 00 00 00 00 00 00
2020-07-20  17:13:16.141  MSG HND  [35]
	 00 00 1E 10 10 00 01 01 01 01 00 00 08 00 00 00 00 00 00 00
	 00 00 00 00 00 00 00 00 00 00 00 00 00 00 00
2020-07-20  17:13:17.129  RX  [35]
	 00 00 1E 11 10 00 01 01 01 01 00 00 08 00 00 00 00 00 00 00
	 00 00 00 00 00 00 00 00 00 00 00 00 00 00 00
2020-07-20  17:13:17.130  MSG HND  [35]
	 00 00 1E 11 10 00 01 01 01 01 00 00 08 00 00 00 00 00 00 00
	 00 00 00 00 00 00 00 00 00 00 00 00 00 00 00
2020-07-20  17:13:18.130  RX  [35]
	 00 00 1E 12 10 00 01 01 01 01 00 00 08 00 00 00 00 00 00 00
	 00 00 00 00 00 00 00 00 00 00 00 00 00 00 00
2020-07-20  17:13:18.142  MSG HND  [35]
	 00 00 1E 12 10 00 01 01 01 01 00 00 08 00 00 00 00 00 00 00
	 00 00 00 00 00 00 00 00 00 00 00 00 00 00 00
2020-07-20  17:13:19.131  RX  [35]
	 00 00 1E 13 10 00 01 01 01 01 00 00 08 00 00 00 00 00 00 00
	 00 00 00 00 00 00 00 00 00 00 00 00 00 00 00
2020-07-20  17:13:19.141  MSG HND  [35]
	 00 00 1E 13 10 00 01 01 01 01 00 00 08 00 00 00 00 00 00 00
	 00 00 00 00 00 00 00 00 00 00 00 00 00 00 00
2020-07-20  17:13:20.132  RX  [35]
	 00 00 1E 14 10 00 01 01 01 01 00 00 08 00 00 00 00 00 00 00
	 00 00 00 00 00 00 00 00 00 00 00 00 00 00 00
2020-07-20  17:13:20.142  MSG HND  [35]
	 00 00 1E 14 10 00 01 01 01 01 00 00 08 00 00 00 00 00 00 00
	 00 00 00 00 00 00 00 00 00 00 00 00 00 00 00
2020-07-20  17:13:21.134  RX  [35]
	 00 00 1E 15 10 00 01 01 01 01 00 00 08 00 00 00 00 00 00 00
	 00 00 00 00 00 00 00 00 00 00 00 00 00 00 00
2020-07-20  17:13:21.148  MSG HND  [35]
	 00 00 1E 15 10 00 01 01 01 01 00 00 08 00 00 00 00 00 00 00
	 00 00 00 00 00 00 00 00 00 00 00 00 00 00 00
2020-07-20  17:13:22.134  RX  [35]
	 00 00 1E 16 10 00 01 01 01 01 00 00 08 00 00 00 00 00 00 00
	 00 00 00 00 00 00 00 00 00 00 00 00 00 00 00
2020-07-20  17:13:22.136  MSG HND  [35]
	 00 00 1E 16 10 00 01 01 01 01 00 00 08 00 00 00 00 00 00 00
	 00 00 00 00 00 00 00 00 00 00 00 00 00 00 00
2020-07-20  17:13:23.136  RX  [35]
	 00 00 1E 17 10 00 01 01 01 01 00 00 08 00 00 00 00 00 00 00
	 00 00 00 00 00 00 00 00 00 00 00 00 00 00 00
2020-07-20  17:13:23.142  MSG HND  [35]
	 00 00 1E 17 10 00 01 01 01 01 00 00 08 00 00 00 00 00 00 00
	 00 00 00 00 00 00 00 00 00 00 00 00 00 00 00
2020-07-20  17:13:24.138  RX  [35]
	 00 00 1E 18 10 00 01 01 01 01 00 00 08 00 00 00 00 00 00 00
	 00 00 00 00 00 00 00 00 00 00 00 00 00 00 00
2020-07-20  17:13:24.142  MSG HND  [35]
	 00 00 1E 18 10 00 01 01 01 01 00 00 08 00 00 00 00 00 00 00
	 00 00 00 00 00 00 00 00 00 00 00 00 00 00 00
2020-07-20  17:14:30.121-  Server ip: 127.0.0.1, port : 6000connected.!
2020-07-20  17:14:31.100  RX  [7]
	 00 00 02 01 10 00 00
2020-07-20  17:14:31.104  MSG HND  [7]
	 00 00 02 01 10 00 00
2020-07-20  17:14:32.103  RX  [7]
	 00 00 02 02 10 00 00
2020-07-20  17:14:32.115  MSG HND  [7]
	 00 00 02 02 10 00 00
2020-07-20  17:14:33.106  RX  [7]
	 00 00 02 03 10 00 00
2020-07-20  17:14:33.108  MSG HND  [7]
	 00 00 02 03 10 00 00
2020-07-20  17:14:34.106  RX  [7]
	 00 00 02 04 10 00 00
2020-07-20  17:14:34.120  MSG HND  [7]
	 00 00 02 04 10 00 00
2020-07-20  17:14:35.108  RX  [7]
	 00 00 02 05 10 00 00
2020-07-20  17:14:35.120  MSG HND  [7]
	 00 00 02 05 10 00 00
2020-07-20  17:14:36.109  RX  [7]
	 00 00 02 06 10 00 00
2020-07-20  17:14:36.122  MSG HND  [7]
	 00 00 02 06 10 00 00
2020-07-20  17:14:37.110  RX  [7]
	 00 00 02 07 10 00 00
2020-07-20  17:14:37.122  MSG HND  [7]
	 00 00 02 07 10 00 00
2020-07-20  17:14:38.111  RX  [35]
	 00 00 1E 08 10 00 01 01 01 04 00 00 08 00 00 00 00 00 00 00
	 00 00 00 00 00 00 00 00 00 00 00 00 00 00 00
2020-07-20  17:14:38.121  MSG HND  [35]
	 00 00 1E 08 10 00 01 01 01 04 00 00 08 00 00 00 00 00 00 00
	 00 00 00 00 00 00 00 00 00 00 00 00 00 00 00
2020-07-20  17:14:39.112  RX  [35]
	 00 00 1E 09 10 00 01 01 01 04 00 00 0C 00 00 00 00 00 00 00
	 00 00 00 00 00 00 00 00 00 00 00 00 00 00 00
2020-07-20  17:14:39.122  MSG HND  [35]
	 00 00 1E 09 10 00 01 01 01 04 00 00 0C 00 00 00 00 00 00 00
	 00 00 00 00 00 00 00 00 00 00 00 00 00 00 00
2020-07-20  17:14:40.112  RX  [35]
	 00 00 1E 0A 10 00 01 01 01 04 00 00 0C 00 00 00 00 00 00 00
	 00 00 00 00 00 00 00 00 00 00 00 00 00 00 00
2020-07-20  17:14:40.114  MSG HND  [35]
	 00 00 1E 0A 10 00 01 01 01 04 00 00 0C 00 00 00 00 00 00 00
	 00 00 00 00 00 00 00 00 00 00 00 00 00 00 00
2020-07-20  17:14:41.114  RX  [35]
	 00 00 1E 0B 10 00 01 01 01 04 00 00 0C 00 00 00 00 00 00 00
	 00 00 00 00 00 00 00 00 00 00 00 00 00 00 00
2020-07-20  17:14:41.115  MSG HND  [35]
	 00 00 1E 0B 10 00 01 01 01 04 00 00 0C 00 00 00 00 00 00 00
	 00 00 00 00 00 00 00 00 00 00 00 00 00 00 00
2020-07-20  17:14:42.114  RX  [35]
	 00 00 1E 0C 10 00 01 01 01 04 00 00 0C 00 00 00 00 00 00 00
	 00 00 00 00 00 00 00 00 00 00 00 00 00 00 00
2020-07-20  17:14:42.127  MSG HND  [35]
	 00 00 1E 0C 10 00 01 01 01 04 00 00 0C 00 00 00 00 00 00 00
	 00 00 00 00 00 00 00 00 00 00 00 00 00 00 00
2020-07-20  17:14:43.115  RX  [35]
	 00 00 1E 0D 10 00 01 01 01 04 00 00 0C 00 00 00 00 00 00 00
	 00 00 00 00 00 00 00 00 00 00 00 00 00 00 00
2020-07-20  17:14:43.116  MSG HND  [35]
	 00 00 1E 0D 10 00 01 01 01 04 00 00 0C 00 00 00 00 00 00 00
	 00 00 00 00 00 00 00 00 00 00 00 00 00 00 00
2020-07-20  17:14:44.116  RX  [35]
	 00 00 1E 0E 10 00 01 01 01 04 00 00 0C 00 00 00 00 00 00 00
	 00 00 00 00 00 00 00 00 00 00 00 00 00 00 00
2020-07-20  17:16:56.624-  Server ip: 127.0.0.1, port : 6000connected.!
2020-07-20  17:16:57.098  RX  [7]
	 00 00 02 01 10 00 00
2020-07-20  17:16:57.100  MSG HND  [7]
	 00 00 02 01 10 00 00
2020-07-20  17:16:58.100  RX  [7]
	 00 00 02 02 10 00 00
2020-07-20  17:16:58.112  MSG HND  [7]
	 00 00 02 02 10 00 00
2020-07-20  17:16:59.101  RX  [7]
	 00 00 02 03 10 00 00
2020-07-20  17:16:59.110  MSG HND  [7]
	 00 00 02 03 10 00 00
2020-07-20  17:17:00.102  RX  [7]
	 00 00 02 04 10 00 00
2020-07-20  17:17:00.113  MSG HND  [7]
	 00 00 02 04 10 00 00
2020-07-20  17:17:01.104  RX  [35]
	 00 00 1E 05 10 00 01 01 01 01 00 00 0C 00 00 00 00 00 00 00
	 00 00 00 00 00 00 00 00 00 00 00 00 00 00 00
2020-07-20  17:17:01.114  MSG HND  [35]
	 00 00 1E 05 10 00 01 01 01 01 00 00 0C 00 00 00 00 00 00 00
	 00 00 00 00 00 00 00 00 00 00 00 00 00 00 00
2020-07-20  17:17:02.105  RX  [35]
	 00 00 1E 06 10 00 01 01 01 01 00 00 04 00 00 00 00 00 00 00
	 00 00 00 00 00 00 00 00 00 00 00 00 00 00 00
2020-07-20  17:17:02.106  MSG HND  [35]
	 00 00 1E 06 10 00 01 01 01 01 00 00 04 00 00 00 00 00 00 00
	 00 00 00 00 00 00 00 00 00 00 00 00 00 00 00
2020-07-20  17:17:03.107  RX  [35]
	 00 00 1E 07 10 00 01 01 01 01 00 00 04 00 00 00 00 00 00 00
	 00 00 00 00 00 00 00 00 00 00 00 00 00 00 00
2020-07-20  17:17:03.118  MSG HND  [35]
	 00 00 1E 07 10 00 01 01 01 01 00 00 04 00 00 00 00 00 00 00
	 00 00 00 00 00 00 00 00 00 00 00 00 00 00 00
2020-07-20  17:17:04.108  RX  [35]
	 00 00 1E 08 10 00 01 01 01 01 00 00 00 00 00 00 00 00 00 00
	 00 00 00 00 00 00 00 00 00 00 00 00 00 00 00
2020-07-20  17:17:04.119  MSG HND  [35]
	 00 00 1E 08 10 00 01 01 01 01 00 00 00 00 00 00 00 00 00 00
	 00 00 00 00 00 00 00 00 00 00 00 00 00 00 00
2020-07-20  17:17:05.109  RX  [63]
	 00 00 3A 09 10 00 02 01 01 01 00 00 00 00 00 00 00 00 00 00
	 00 00 00 00 00 00 00 00 00 00 00 00 00 00 00 02 01 01 00 00
	 00 00 00 00 00 00 00 00 00 00 00 00 00 00 00 00 00 00 00 00
	 00 00 00
2020-07-20  17:17:05.110  MSG HND  [63]
	 00 00 3A 09 10 00 02 01 01 01 00 00 00 00 00 00 00 00 00 00
	 00 00 00 00 00 00 00 00 00 00 00 00 00 00 00 02 01 01 00 00
	 00 00 00 00 00 00 00 00 00 00 00 00 00 00 00 00 00 00 00 00
	 00 00 00
2020-07-20  17:17:06.110  RX  [63]
	 00 00 3A 0A 10 00 02 01 01 01 00 00 00 00 00 00 00 00 00 00
	 00 00 00 00 00 00 00 00 00 00 00 00 00 00 00 02 01 01 00 00
	 00 00 00 00 00 00 00 00 00 00 00 00 00 00 00 00 00 00 00 00
	 00 00 00
2020-07-20  17:17:06.121  MSG HND  [63]
	 00 00 3A 0A 10 00 02 01 01 01 00 00 00 00 00 00 00 00 00 00
	 00 00 00 00 00 00 00 00 00 00 00 00 00 00 00 02 01 01 00 00
	 00 00 00 00 00 00 00 00 00 00 00 00 00 00 00 00 00 00 00 00
	 00 00 00
2020-07-20  17:17:07.112  RX  [63]
	 00 00 3A 0B 10 00 02 01 01 01 00 00 00 00 00 00 00 00 00 00
	 00 00 00 00 00 00 00 00 00 00 00 00 00 00 00 02 01 01 00 00
	 00 00 00 00 00 00 00 00 00 00 00 00 00 00 00 00 00 00 00 00
	 00 00 00
2020-07-20  17:17:07.126  MSG HND  [63]
	 00 00 3A 0B 10 00 02 01 01 01 00 00 00 00 00 00 00 00 00 00
	 00 00 00 00 00 00 00 00 00 00 00 00 00 00 00 02 01 01 00 00
	 00 00 00 00 00 00 00 00 00 00 00 00 00 00 00 00 00 00 00 00
	 00 00 00
2020-07-20  17:17:08.113  RX  [63]
	 00 00 3A 0C 10 00 02 01 01 01 00 00 00 00 00 00 00 00 00 00
	 00 00 00 00 00 00 00 00 00 00 00 00 00 00 00 02 01 01 00 00
	 00 00 00 00 00 00 00 00 00 00 00 00 00 00 00 00 00 00 00 00
	 00 00 00
2020-07-20  17:17:08.115  MSG HND  [63]
	 00 00 3A 0C 10 00 02 01 01 01 00 00 00 00 00 00 00 00 00 00
	 00 00 00 00 00 00 00 00 00 00 00 00 00 00 00 02 01 01 00 00
	 00 00 00 00 00 00 00 00 00 00 00 00 00 00 00 00 00 00 00 00
	 00 00 00
2020-07-20  17:17:09.113  RX  [63]
	 00 00 3A 0D 10 00 02 01 01 01 00 00 00 00 00 00 00 00 00 00
	 00 00 00 00 00 00 00 00 00 00 00 00 00 00 00 02 01 01 00 00
	 00 00 00 00 00 00 00 00 00 00 00 00 00 00 00 00 00 00 00 00
	 00 00 00
2020-07-20  17:17:09.128  MSG HND  [63]
	 00 00 3A 0D 10 00 02 01 01 01 00 00 00 00 00 00 00 00 00 00
	 00 00 00 00 00 00 00 00 00 00 00 00 00 00 00 02 01 01 00 00
	 00 00 00 00 00 00 00 00 00 00 00 00 00 00 00 00 00 00 00 00
	 00 00 00
2020-07-20  17:17:10.114  RX  [63]
	 00 00 3A 0E 10 00 02 01 01 01 00 00 00 00 00 00 00 00 00 00
	 00 00 00 00 00 00 00 00 00 00 00 00 00 00 00 02 01 01 00 00
	 00 00 00 00 00 00 00 00 00 00 00 00 00 00 00 00 00 00 00 00
	 00 00 00
2020-07-20  17:17:10.125  MSG HND  [63]
	 00 00 3A 0E 10 00 02 01 01 01 00 00 00 00 00 00 00 00 00 00
	 00 00 00 00 00 00 00 00 00 00 00 00 00 00 00 02 01 01 00 00
	 00 00 00 00 00 00 00 00 00 00 00 00 00 00 00 00 00 00 00 00
	 00 00 00
2020-07-20  17:17:11.118  RX  [63]
	 00 00 3A 0F 10 00 02 01 01 01 00 00 00 00 00 00 00 00 00 00
	 00 00 00 00 00 00 00 00 00 00 00 00 00 00 00 02 01 01 00 00
	 00 00 00 00 00 00 00 00 00 00 00 00 00 00 00 00 00 00 00 00
	 00 00 00
2020-07-20  17:17:11.131  MSG HND  [63]
	 00 00 3A 0F 10 00 02 01 01 01 00 00 00 00 00 00 00 00 00 00
	 00 00 00 00 00 00 00 00 00 00 00 00 00 00 00 02 01 01 00 00
	 00 00 00 00 00 00 00 00 00 00 00 00 00 00 00 00 00 00 00 00
	 00 00 00
2020-07-20  17:17:12.120  RX  [63]
	 00 00 3A 10 10 00 02 01 01 01 00 00 00 00 00 00 00 00 00 00
	 00 00 00 00 00 00 00 00 00 00 00 00 00 00 00 02 01 01 00 00
	 00 00 00 00 00 00 00 00 00 00 00 00 00 00 00 00 00 00 00 00
	 00 00 00
2020-07-20  17:17:12.132  MSG HND  [63]
	 00 00 3A 10 10 00 02 01 01 01 00 00 00 00 00 00 00 00 00 00
	 00 00 00 00 00 00 00 00 00 00 00 00 00 00 00 02 01 01 00 00
	 00 00 00 00 00 00 00 00 00 00 00 00 00 00 00 00 00 00 00 00
	 00 00 00
2020-07-20  17:17:13.122  RX  [63]
	 00 00 3A 11 10 00 02 01 01 01 00 00 00 00 00 00 00 00 00 00
	 00 00 00 00 00 00 00 00 00 00 00 00 00 00 00 02 01 01 00 00
	 00 00 00 00 00 00 00 00 00 00 00 00 00 00 00 00 00 00 00 00
	 00 00 00
2020-07-20  17:17:13.134  MSG HND  [63]
	 00 00 3A 11 10 00 02 01 01 01 00 00 00 00 00 00 00 00 00 00
	 00 00 00 00 00 00 00 00 00 00 00 00 00 00 00 02 01 01 00 00
	 00 00 00 00 00 00 00 00 00 00 00 00 00 00 00 00 00 00 00 00
	 00 00 00
2020-07-20  17:17:14.123  RX  [63]
	 00 00 3A 12 10 00 02 01 01 01 00 00 00 00 00 00 00 00 00 00
	 00 00 00 00 00 00 00 00 00 00 00 00 00 00 00 02 01 01 00 00
	 00 00 00 00 00 00 00 00 00 00 00 00 00 00 00 00 00 00 00 00
	 00 00 00
2020-07-20  17:17:14.135  MSG HND  [63]
	 00 00 3A 12 10 00 02 01 01 01 00 00 00 00 00 00 00 00 00 00
	 00 00 00 00 00 00 00 00 00 00 00 00 00 00 00 02 01 01 00 00
	 00 00 00 00 00 00 00 00 00 00 00 00 00 00 00 00 00 00 00 00
	 00 00 00
2020-07-20  17:17:15.125  RX  [63]
	 00 00 3A 13 10 00 02 01 01 01 00 00 00 00 00 00 00 00 00 00
	 00 00 00 00 00 00 00 00 00 00 00 00 00 00 00 02 01 01 00 00
	 00 00 00 00 00 00 00 00 00 00 00 00 00 00 00 00 00 00 00 00
	 00 00 00
2020-07-20  17:17:15.138  MSG HND  [63]
	 00 00 3A 13 10 00 02 01 01 01 00 00 00 00 00 00 00 00 00 00
	 00 00 00 00 00 00 00 00 00 00 00 00 00 00 00 02 01 01 00 00
	 00 00 00 00 00 00 00 00 00 00 00 00 00 00 00 00 00 00 00 00
	 00 00 00
2020-07-20  17:17:16.127  RX  [63]
	 00 00 3A 14 10 00 02 01 01 01 00 00 00 00 00 00 00 00 00 00
	 00 00 00 00 00 00 00 00 00 00 00 00 00 00 00 02 01 01 00 00
	 00 00 00 00 00 00 00 00 00 00 00 00 00 00 00 00 00 00 00 00
	 00 00 00
2020-07-20  17:17:16.139  MSG HND  [63]
	 00 00 3A 14 10 00 02 01 01 01 00 00 00 00 00 00 00 00 00 00
	 00 00 00 00 00 00 00 00 00 00 00 00 00 00 00 02 01 01 00 00
	 00 00 00 00 00 00 00 00 00 00 00 00 00 00 00 00 00 00 00 00
	 00 00 00
2020-07-20  17:17:17.129  RX  [63]
	 00 00 3A 15 10 00 02 01 01 01 00 00 00 00 00 00 00 00 00 00
	 00 00 00 00 00 00 00 00 00 00 00 00 00 00 00 02 01 01 00 00
	 00 00 00 00 00 00 00 00 00 00 00 00 00 00 00 00 00 00 00 00
	 00 00 00
2020-07-20  17:17:17.155  MSG HND  [63]
	 00 00 3A 15 10 00 02 01 01 01 00 00 00 00 00 00 00 00 00 00
	 00 00 00 00 00 00 00 00 00 00 00 00 00 00 00 02 01 01 00 00
	 00 00 00 00 00 00 00 00 00 00 00 00 00 00 00 00 00 00 00 00
	 00 00 00
2020-07-20  17:17:18.130  RX  [63]
	 00 00 3A 16 10 00 02 01 01 01 00 00 00 00 00 00 00 00 00 00
	 00 00 00 00 00 00 00 00 00 00 00 00 00 00 00 02 01 01 00 00
	 00 00 00 00 00 00 00 00 00 00 00 00 00 00 00 00 00 00 00 00
	 00 00 00
2020-07-20  17:17:18.132  MSG HND  [63]
	 00 00 3A 16 10 00 02 01 01 01 00 00 00 00 00 00 00 00 00 00
	 00 00 00 00 00 00 00 00 00 00 00 00 00 00 00 02 01 01 00 00
	 00 00 00 00 00 00 00 00 00 00 00 00 00 00 00 00 00 00 00 00
	 00 00 00
2020-07-20  17:17:19.133  RX  [63]
	 00 00 3A 17 10 00 02 02 01 01 00 00 00 00 00 00 00 00 00 00
	 00 00 00 00 00 00 00 00 00 00 00 00 00 00 00 01 01 01 00 00
	 08 00 00 00 00 00 00 00 00 00 00 00 00 00 00 00 00 00 00 00
	 00 00 00
2020-07-20  17:17:19.145  MSG HND  [63]
	 00 00 3A 17 10 00 02 02 01 01 00 00 00 00 00 00 00 00 00 00
	 00 00 00 00 00 00 00 00 00 00 00 00 00 00 00 01 01 01 00 00
	 08 00 00 00 00 00 00 00 00 00 00 00 00 00 00 00 00 00 00 00
	 00 00 00
2020-07-20  17:17:20.143  RX  [63]
	 00 00 3A 18 10 00 02 02 01 01 00 00 00 00 00 00 00 00 00 00
	 00 00 00 00 00 00 00 00 00 00 00 00 00 00 00 01 01 01 00 00
	 0C 00 00 00 00 00 00 00 00 00 00 00 00 00 00 00 00 00 00 00
	 00 00 00
2020-07-20  17:17:20.144  MSG HND  [63]
	 00 00 3A 18 10 00 02 02 01 01 00 00 00 00 00 00 00 00 00 00
	 00 00 00 00 00 00 00 00 00 00 00 00 00 00 00 01 01 01 00 00
	 0C 00 00 00 00 00 00 00 00 00 00 00 00 00 00 00 00 00 00 00
	 00 00 00
2020-07-20  17:17:21.135  RX  [63]
	 00 00 3A 19 10 00 02 02 01 01 00 00 00 00 00 00 00 00 00 00
	 00 00 00 00 00 00 00 00 00 00 00 00 00 00 00 01 01 01 00 00
	 0C 00 00 00 00 00 00 00 00 00 00 00 00 00 00 00 00 00 00 00
	 00 00 00
2020-07-20  17:17:21.144  MSG HND  [63]
	 00 00 3A 19 10 00 02 02 01 01 00 00 00 00 00 00 00 00 00 00
	 00 00 00 00 00 00 00 00 00 00 00 00 00 00 00 01 01 01 00 00
	 0C 00 00 00 00 00 00 00 00 00 00 00 00 00 00 00 00 00 00 00
	 00 00 00
2020-07-20  17:17:22.137  RX  [63]
	 00 00 3A 1A 10 00 02 02 01 01 00 00 00 00 00 00 00 00 00 00
	 00 00 00 00 00 00 00 00 00 00 00 00 00 00 00 01 01 01 00 00
	 0C 00 00 00 00 00 00 00 00 00 00 00 00 00 00 00 00 00 00 00
	 00 00 00
2020-07-20  17:17:22.152  MSG HND  [63]
	 00 00 3A 1A 10 00 02 02 01 01 00 00 00 00 00 00 00 00 00 00
	 00 00 00 00 00 00 00 00 00 00 00 00 00 00 00 01 01 01 00 00
	 0C 00 00 00 00 00 00 00 00 00 00 00 00 00 00 00 00 00 00 00
	 00 00 00
2020-07-20  17:17:23.138  RX  [63]
	 00 00 3A 1B 10 00 02 02 01 01 00 00 00 00 00 00 00 00 00 00
	 00 00 00 00 00 00 00 00 00 00 00 00 00 00 00 01 01 01 00 00
	 0C 00 00 00 00 00 00 00 00 00 00 00 00 00 00 00 00 00 00 00
	 00 00 00
2020-07-20  17:17:23.152  MSG HND  [63]
	 00 00 3A 1B 10 00 02 02 01 01 00 00 00 00 00 00 00 00 00 00
	 00 00 00 00 00 00 00 00 00 00 00 00 00 00 00 01 01 01 00 00
	 0C 00 00 00 00 00 00 00 00 00 00 00 00 00 00 00 00 00 00 00
	 00 00 00
2020-07-20  17:17:24.139  RX  [63]
	 00 00 3A 1C 10 00 02 02 01 01 00 00 00 00 00 00 00 00 00 00
	 00 00 00 00 00 00 00 00 00 00 00 00 00 00 00 01 01 01 00 00
	 0C 00 00 00 00 00 00 00 00 00 00 00 00 00 00 00 00 00 00 00
	 00 00 00
2020-07-20  17:17:24.141  MSG HND  [63]
	 00 00 3A 1C 10 00 02 02 01 01 00 00 00 00 00 00 00 00 00 00
	 00 00 00 00 00 00 00 00 00 00 00 00 00 00 00 01 01 01 00 00
	 0C 00 00 00 00 00 00 00 00 00 00 00 00 00 00 00 00 00 00 00
	 00 00 00
2020-07-20  17:17:25.140  RX  [63]
	 00 00 3A 1D 10 00 02 02 01 01 00 00 00 00 00 00 00 00 00 00
	 00 00 00 00 00 00 00 00 00 00 00 00 00 00 00 01 01 01 00 00
	 0C 00 00 00 00 00 00 00 00 00 00 00 00 00 00 00 00 00 00 00
	 00 00 00
2020-07-20  17:17:25.162  MSG HND  [63]
	 00 00 3A 1D 10 00 02 02 01 01 00 00 00 00 00 00 00 00 00 00
	 00 00 00 00 00 00 00 00 00 00 00 00 00 00 00 01 01 01 00 00
	 0C 00 00 00 00 00 00 00 00 00 00 00 00 00 00 00 00 00 00 00
	 00 00 00
2020-07-20  17:17:26.142  RX  [63]
	 00 00 3A 1E 10 00 02 02 01 01 00 00 00 00 00 00 00 00 00 00
	 00 00 00 00 00 00 00 00 00 00 00 00 00 00 00 01 01 01 00 00
	 0C 00 00 00 00 00 00 00 00 00 00 00 00 00 00 00 00 00 00 00
	 00 00 00
2020-07-20  17:17:26.146  MSG HND  [63]
	 00 00 3A 1E 10 00 02 02 01 01 00 00 00 00 00 00 00 00 00 00
	 00 00 00 00 00 00 00 00 00 00 00 00 00 00 00 01 01 01 00 00
	 0C 00 00 00 00 00 00 00 00 00 00 00 00 00 00 00 00 00 00 00
	 00 00 00
2020-07-20  17:17:27.144  RX  [63]
	 00 00 3A 1F 10 00 02 02 01 01 00 00 00 00 00 00 00 00 00 00
	 00 00 00 00 00 00 00 00 00 00 00 00 00 00 00 01 01 01 00 00
	 0C 00 00 00 00 00 00 00 00 00 00 00 00 00 00 00 00 00 00 00
	 00 00 00
2020-07-20  17:17:27.159  MSG HND  [63]
	 00 00 3A 1F 10 00 02 02 01 01 00 00 00 00 00 00 00 00 00 00
	 00 00 00 00 00 00 00 00 00 00 00 00 00 00 00 01 01 01 00 00
	 0C 00 00 00 00 00 00 00 00 00 00 00 00 00 00 00 00 00 00 00
	 00 00 00
2020-07-20  17:17:28.145  RX  [63]
	 00 00 3A 20 10 00 02 02 01 01 00 00 00 00 00 00 00 00 00 00
	 00 00 00 00 00 00 00 00 00 00 00 00 00 00 00 01 01 01 00 00
	 0C 00 00 00 00 00 00 00 00 00 00 00 00 00 00 00 00 00 00 00
	 00 00 00
2020-07-20  17:17:28.156  MSG HND  [63]
	 00 00 3A 20 10 00 02 02 01 01 00 00 00 00 00 00 00 00 00 00
	 00 00 00 00 00 00 00 00 00 00 00 00 00 00 00 01 01 01 00 00
	 0C 00 00 00 00 00 00 00 00 00 00 00 00 00 00 00 00 00 00 00
	 00 00 00
2020-07-20  17:17:29.147  RX  [63]
	 00 00 3A 21 10 00 02 02 01 01 00 00 00 00 00 00 00 00 00 00
	 00 00 00 00 00 00 00 00 00 00 00 00 00 00 00 01 01 01 00 00
	 0C 00 00 00 00 00 00 00 00 00 00 00 00 00 00 00 00 00 00 00
	 00 00 00
2020-07-20  17:17:29.151  MSG HND  [63]
	 00 00 3A 21 10 00 02 02 01 01 00 00 00 00 00 00 00 00 00 00
	 00 00 00 00 00 00 00 00 00 00 00 00 00 00 00 01 01 01 00 00
	 0C 00 00 00 00 00 00 00 00 00 00 00 00 00 00 00 00 00 00 00
	 00 00 00
2020-07-20  17:17:30.148  RX  [63]
	 00 00 3A 22 10 00 02 02 01 01 00 00 00 00 00 00 00 00 00 00
	 00 00 00 00 00 00 00 00 00 00 00 00 00 00 00 01 01 01 00 00
	 0C 00 00 00 00 00 00 00 00 00 00 00 00 00 00 00 00 00 00 00
	 00 00 00
2020-07-20  17:17:30.158  MSG HND  [63]
	 00 00 3A 22 10 00 02 02 01 01 00 00 00 00 00 00 00 00 00 00
	 00 00 00 00 00 00 00 00 00 00 00 00 00 00 00 01 01 01 00 00
	 0C 00 00 00 00 00 00 00 00 00 00 00 00 00 00 00 00 00 00 00
	 00 00 00
2020-07-20  17:17:31.150  RX  [63]
	 00 00 3A 23 10 00 02 02 01 01 00 00 00 00 00 00 00 00 00 00
	 00 00 00 00 00 00 00 00 00 00 00 00 00 00 00 01 01 01 00 00
	 0C 00 00 00 00 00 00 00 00 00 00 00 00 00 00 00 00 00 00 00
	 00 00 00
2020-07-20  17:17:31.162  MSG HND  [63]
	 00 00 3A 23 10 00 02 02 01 01 00 00 00 00 00 00 00 00 00 00
	 00 00 00 00 00 00 00 00 00 00 00 00 00 00 00 01 01 01 00 00
	 0C 00 00 00 00 00 00 00 00 00 00 00 00 00 00 00 00 00 00 00
	 00 00 00
2020-07-20  17:17:32.151  RX  [63]
	 00 00 3A 24 10 00 02 02 01 01 00 00 00 00 00 00 00 00 00 00
	 00 00 00 00 00 00 00 00 00 00 00 00 00 00 00 01 01 01 00 00
	 0C 00 00 00 00 00 00 00 00 00 00 00 00 00 00 00 00 00 00 00
	 00 00 00
2020-07-20  17:17:32.163  MSG HND  [63]
	 00 00 3A 24 10 00 02 02 01 01 00 00 00 00 00 00 00 00 00 00
	 00 00 00 00 00 00 00 00 00 00 00 00 00 00 00 01 01 01 00 00
	 0C 00 00 00 00 00 00 00 00 00 00 00 00 00 00 00 00 00 00 00
	 00 00 00
2020-07-20  17:18:02.103-  Server ip: 127.0.0.1, port : 6000connected.!
2020-07-20  17:18:03.099  RX  [7]
	 00 00 02 01 10 00 00
2020-07-20  17:18:03.103  MSG HND  [7]
	 00 00 02 01 10 00 00
2020-07-20  17:18:04.100  RX  [7]
	 00 00 02 02 10 00 00
2020-07-20  17:18:04.112  MSG HND  [7]
	 00 00 02 02 10 00 00
2020-07-20  17:18:05.103  RX  [7]
	 00 00 02 03 10 00 00
2020-07-20  17:18:05.105  MSG HND  [7]
	 00 00 02 03 10 00 00
2020-07-20  17:18:06.102  RX  [7]
	 00 00 02 04 10 00 00
2020-07-20  17:18:06.108  MSG HND  [7]
	 00 00 02 04 10 00 00
2020-07-20  17:18:07.105  RX  [35]
	 00 00 1E 05 10 00 01 01 01 02 00 00 0C 00 00 00 00 00 00 00
	 00 00 00 00 00 00 00 00 00 00 00 00 00 00 00
2020-07-20  17:18:07.113  MSG HND  [35]
	 00 00 1E 05 10 00 01 01 01 02 00 00 0C 00 00 00 00 00 00 00
	 00 00 00 00 00 00 00 00 00 00 00 00 00 00 00
2020-07-20  17:18:08.107  RX  [35]
	 00 00 1E 06 10 00 01 01 01 02 00 00 0C 00 00 00 00 00 00 00
	 00 00 00 00 00 00 00 00 00 00 00 00 00 00 00
2020-07-20  17:18:08.117  MSG HND  [35]
	 00 00 1E 06 10 00 01 01 01 02 00 00 0C 00 00 00 00 00 00 00
	 00 00 00 00 00 00 00 00 00 00 00 00 00 00 00
2020-07-20  17:18:09.109  RX  [35]
	 00 00 1E 07 10 00 01 01 01 02 00 00 08 00 00 00 00 00 00 00
	 00 00 00 00 00 00 00 00 00 00 00 00 00 00 00
2020-07-20  17:18:09.112  MSG HND  [35]
	 00 00 1E 07 10 00 01 01 01 02 00 00 08 00 00 00 00 00 00 00
	 00 00 00 00 00 00 00 00 00 00 00 00 00 00 00
2020-07-20  17:18:10.111  RX  [35]
	 00 00 1E 08 10 00 01 01 01 02 00 00 08 00 00 00 00 00 00 00
	 00 00 00 00 00 00 00 00 00 00 00 00 00 00 00
2020-07-20  17:18:10.123  MSG HND  [35]
	 00 00 1E 08 10 00 01 01 01 02 00 00 08 00 00 00 00 00 00 00
	 00 00 00 00 00 00 00 00 00 00 00 00 00 00 00
2020-07-20  17:18:11.113  RX  [35]
	 00 00 1E 09 10 00 01 01 01 02 00 00 08 00 00 00 00 00 00 00
	 00 00 00 00 00 00 00 00 00 00 00 00 00 00 00
2020-07-20  17:18:11.128  MSG HND  [35]
	 00 00 1E 09 10 00 01 01 01 02 00 00 08 00 00 00 00 00 00 00
	 00 00 00 00 00 00 00 00 00 00 00 00 00 00 00
2020-07-20  17:18:12.113  RX  [35]
	 00 00 1E 0A 10 00 01 01 01 02 00 00 08 00 00 00 00 00 00 00
	 00 00 00 00 00 00 00 00 00 00 00 00 00 00 00
2020-07-20  17:18:12.123  MSG HND  [35]
	 00 00 1E 0A 10 00 01 01 01 02 00 00 08 00 00 00 00 00 00 00
	 00 00 00 00 00 00 00 00 00 00 00 00 00 00 00
2020-07-20  17:18:13.116  RX  [35]
	 00 00 1E 0B 10 00 01 01 01 02 00 00 08 00 00 00 00 00 00 00
	 00 00 00 00 00 00 00 00 00 00 00 00 00 00 00
2020-07-20  17:18:13.125  MSG HND  [35]
	 00 00 1E 0B 10 00 01 01 01 02 00 00 08 00 00 00 00 00 00 00
	 00 00 00 00 00 00 00 00 00 00 00 00 00 00 00
2020-07-20  17:18:14.117  RX  [63]
	 00 00 3A 0C 10 00 02 01 01 02 00 00 08 00 00 00 00 00 00 00
	 00 00 00 00 00 00 00 00 00 00 00 00 00 00 00 02 01 01 00 00
	 08 00 00 00 00 00 00 00 00 00 00 00 00 00 00 00 00 00 00 00
	 00 00 00
2020-07-20  17:18:14.119  MSG HND  [63]
	 00 00 3A 0C 10 00 02 01 01 02 00 00 08 00 00 00 00 00 00 00
	 00 00 00 00 00 00 00 00 00 00 00 00 00 00 00 02 01 01 00 00
	 08 00 00 00 00 00 00 00 00 00 00 00 00 00 00 00 00 00 00 00
	 00 00 00
2020-07-20  17:18:15.120  RX  [63]
	 00 00 3A 0D 10 00 02 01 01 02 00 00 08 00 00 00 00 00 00 00
	 00 00 00 00 00 00 00 00 00 00 00 00 00 00 00 02 01 02 00 00
	 08 00 00 00 00 00 00 00 00 00 00 00 00 00 00 00 00 00 00 00
	 00 00 00
2020-07-20  17:18:15.130  MSG HND  [63]
	 00 00 3A 0D 10 00 02 01 01 02 00 00 08 00 00 00 00 00 00 00
	 00 00 00 00 00 00 00 00 00 00 00 00 00 00 00 02 01 02 00 00
	 08 00 00 00 00 00 00 00 00 00 00 00 00 00 00 00 00 00 00 00
	 00 00 00
2020-07-20  17:18:16.124  RX  [63]
	 00 00 3A 0E 10 00 02 01 01 02 00 00 08 00 00 00 00 00 00 00
	 00 00 00 00 00 00 00 00 00 00 00 00 00 00 00 02 01 02 00 00
	 08 00 00 00 00 00 00 00 00 00 00 00 00 00 00 00 00 00 00 00
	 00 00 00
2020-07-20  17:18:16.125  MSG HND  [63]
	 00 00 3A 0E 10 00 02 01 01 02 00 00 08 00 00 00 00 00 00 00
	 00 00 00 00 00 00 00 00 00 00 00 00 00 00 00 02 01 02 00 00
	 08 00 00 00 00 00 00 00 00 00 00 00 00 00 00 00 00 00 00 00
	 00 00 00
2020-07-20  17:18:17.120  RX  [63]
	 00 00 3A 0F 10 00 02 01 01 02 00 00 08 00 00 00 00 00 00 00
	 00 00 00 00 00 00 00 00 00 00 00 00 00 00 00 02 01 02 00 00
	 08 00 00 00 00 00 00 00 00 00 00 00 00 00 00 00 00 00 00 00
	 00 00 00
2020-07-20  17:18:17.121  MSG HND  [63]
	 00 00 3A 0F 10 00 02 01 01 02 00 00 08 00 00 00 00 00 00 00
	 00 00 00 00 00 00 00 00 00 00 00 00 00 00 00 02 01 02 00 00
	 08 00 00 00 00 00 00 00 00 00 00 00 00 00 00 00 00 00 00 00
	 00 00 00
2020-07-20  17:18:18.123  RX  [63]
	 00 00 3A 10 10 00 02 01 01 02 00 00 08 00 00 00 00 00 00 00
	 00 00 00 00 00 00 00 00 00 00 00 00 00 00 00 02 01 02 00 00
	 08 00 00 00 00 00 00 00 00 00 00 00 00 00 00 00 00 00 00 00
	 00 00 00
2020-07-20  17:18:18.126  MSG HND  [63]
	 00 00 3A 10 10 00 02 01 01 02 00 00 08 00 00 00 00 00 00 00
	 00 00 00 00 00 00 00 00 00 00 00 00 00 00 00 02 01 02 00 00
	 08 00 00 00 00 00 00 00 00 00 00 00 00 00 00 00 00 00 00 00
	 00 00 00
2020-07-20  17:18:19.124  RX  [63]
	 00 00 3A 11 10 00 02 01 01 02 00 00 08 00 00 00 00 00 00 00
	 00 00 00 00 00 00 00 00 00 00 00 00 00 00 00 02 01 02 00 00
	 08 00 00 00 00 00 00 00 00 00 00 00 00 00 00 00 00 00 00 00
	 00 00 00
2020-07-20  17:18:19.133  MSG HND  [63]
	 00 00 3A 11 10 00 02 01 01 02 00 00 08 00 00 00 00 00 00 00
	 00 00 00 00 00 00 00 00 00 00 00 00 00 00 00 02 01 02 00 00
	 08 00 00 00 00 00 00 00 00 00 00 00 00 00 00 00 00 00 00 00
	 00 00 00
2020-07-20  17:18:20.127  RX  [63]
	 00 00 3A 12 10 00 02 01 01 02 00 00 08 00 00 00 00 00 00 00
	 00 00 00 00 00 00 00 00 00 00 00 00 00 00 00 02 01 02 00 00
	 08 00 00 00 00 00 00 00 00 00 00 00 00 00 00 00 00 00 00 00
	 00 00 00
2020-07-20  17:18:20.137  MSG HND  [63]
	 00 00 3A 12 10 00 02 01 01 02 00 00 08 00 00 00 00 00 00 00
	 00 00 00 00 00 00 00 00 00 00 00 00 00 00 00 02 01 02 00 00
	 08 00 00 00 00 00 00 00 00 00 00 00 00 00 00 00 00 00 00 00
	 00 00 00
2020-07-20  17:18:21.130  RX  [91]
	 00 00 56 13 10 00 03 01 01 02 00 00 08 00 00 00 00 00 00 00
	 00 00 00 00 00 00 00 00 00 00 00 00 00 00 00 02 01 02 00 00
	 08 00 00 00 00 00 00 00 00 00 00 00 00 00 00 00 00 00 00 00
	 00 00 00 03 01 01 00 00 00 00 00 00 00 00 00 00 00 00 00 00
	 00 00 00 00 00 00 00 00 00 00 00
2020-07-20  17:18:21.140  MSG HND  [91]
	 00 00 56 13 10 00 03 01 01 02 00 00 08 00 00 00 00 00 00 00
	 00 00 00 00 00 00 00 00 00 00 00 00 00 00 00 02 01 02 00 00
	 08 00 00 00 00 00 00 00 00 00 00 00 00 00 00 00 00 00 00 00
	 00 00 00 03 01 01 00 00 00 00 00 00 00 00 00 00 00 00 00 00
	 00 00 00 00 00 00 00 00 00 00 00
2020-07-20  17:18:22.133  RX  [91]
	 00 00 56 14 10 00 03 01 01 02 00 00 08 00 00 00 00 00 00 00
	 00 00 00 00 00 00 00 00 00 00 00 00 00 00 00 02 01 02 00 00
	 08 00 00 00 00 00 00 00 00 00 00 00 00 00 00 00 00 00 00 00
	 00 00 00 03 01 00 00 00 00 00 00 00 00 00 00 00 00 00 00 00
	 00 00 00 00 00 00 00 00 00 00 00
2020-07-20  17:18:22.134  MSG HND  [91]
	 00 00 56 14 10 00 03 01 01 02 00 00 08 00 00 00 00 00 00 00
	 00 00 00 00 00 00 00 00 00 00 00 00 00 00 00 02 01 02 00 00
	 08 00 00 00 00 00 00 00 00 00 00 00 00 00 00 00 00 00 00 00
	 00 00 00 03 01 00 00 00 00 00 00 00 00 00 00 00 00 00 00 00
	 00 00 00 00 00 00 00 00 00 00 00
2020-07-20  17:18:23.134  RX  [91]
	 00 00 56 15 10 00 03 01 01 02 00 00 08 00 00 00 00 00 00 00
	 00 00 00 00 00 00 00 00 00 00 00 00 00 00 00 02 01 02 00 00
	 08 00 00 00 00 00 00 00 00 00 00 00 00 00 00 00 00 00 00 00
	 00 00 00 03 01 00 00 00 00 00 00 00 00 00 00 00 00 00 00 00
	 00 00 00 00 00 00 00 00 00 00 00
2020-07-20  17:18:23.144  MSG HND  [91]
	 00 00 56 15 10 00 03 01 01 02 00 00 08 00 00 00 00 00 00 00
	 00 00 00 00 00 00 00 00 00 00 00 00 00 00 00 02 01 02 00 00
	 08 00 00 00 00 00 00 00 00 00 00 00 00 00 00 00 00 00 00 00
	 00 00 00 03 01 00 00 00 00 00 00 00 00 00 00 00 00 00 00 00
	 00 00 00 00 00 00 00 00 00 00 00
2020-07-20  17:18:24.138  RX  [91]
	 00 00 56 16 10 00 03 01 01 02 00 00 08 00 00 00 00 00 00 00
	 00 00 00 00 00 00 00 00 00 00 00 00 00 00 00 02 01 02 00 00
	 08 00 00 00 00 00 00 00 00 00 00 00 00 00 00 00 00 00 00 00
	 00 00 00 03 01 00 00 00 08 00 00 00 00 00 00 00 00 00 00 00
	 00 00 00 00 00 00 00 00 00 00 00
2020-07-20  17:18:24.154  MSG HND  [91]
	 00 00 56 16 10 00 03 01 01 02 00 00 08 00 00 00 00 00 00 00
	 00 00 00 00 00 00 00 00 00 00 00 00 00 00 00 02 01 02 00 00
	 08 00 00 00 00 00 00 00 00 00 00 00 00 00 00 00 00 00 00 00
	 00 00 00 03 01 00 00 00 08 00 00 00 00 00 00 00 00 00 00 00
	 00 00 00 00 00 00 00 00 00 00 00
2020-07-20  17:18:25.140  RX  [91]
	 00 00 56 17 10 00 03 01 01 02 00 00 08 00 00 00 00 00 00 00
	 00 00 00 00 00 00 00 00 00 00 00 00 00 00 00 02 01 02 00 00
	 08 00 00 00 00 00 00 00 00 00 00 00 00 00 00 00 00 00 00 00
	 00 00 00 03 01 00 00 00 08 00 00 00 00 00 00 00 00 00 00 00
	 00 00 00 00 00 00 00 00 00 00 00
2020-07-20  17:18:25.165  MSG HND  [91]
	 00 00 56 17 10 00 03 01 01 02 00 00 08 00 00 00 00 00 00 00
	 00 00 00 00 00 00 00 00 00 00 00 00 00 00 00 02 01 02 00 00
	 08 00 00 00 00 00 00 00 00 00 00 00 00 00 00 00 00 00 00 00
	 00 00 00 03 01 00 00 00 08 00 00 00 00 00 00 00 00 00 00 00
	 00 00 00 00 00 00 00 00 00 00 00
2020-07-20  17:18:26.142  RX  [91]
	 00 00 56 18 10 00 03 01 01 02 00 00 08 00 00 00 00 00 00 00
	 00 00 00 00 00 00 00 00 00 00 00 00 00 00 00 02 01 02 00 00
	 08 00 00 00 00 00 00 00 00 00 00 00 00 00 00 00 00 00 00 00
	 00 00 00 03 01 00 00 00 08 00 00 00 00 00 00 00 00 00 00 00
	 00 00 00 00 00 00 00 00 00 00 00
2020-07-20  17:18:26.156  MSG HND  [91]
	 00 00 56 18 10 00 03 01 01 02 00 00 08 00 00 00 00 00 00 00
	 00 00 00 00 00 00 00 00 00 00 00 00 00 00 00 02 01 02 00 00
	 08 00 00 00 00 00 00 00 00 00 00 00 00 00 00 00 00 00 00 00
	 00 00 00 03 01 00 00 00 08 00 00 00 00 00 00 00 00 00 00 00
	 00 00 00 00 00 00 00 00 00 00 00
2020-07-20  17:18:27.143  RX  [91]
	 00 00 56 19 10 00 03 01 01 02 00 00 08 00 00 00 00 00 00 00
	 00 00 00 00 00 00 00 00 00 00 00 00 00 00 00 02 01 02 00 00
	 08 00 00 00 00 00 00 00 00 00 00 00 00 00 00 00 00 00 00 00
	 00 00 00 03 01 00 00 00 08 00 00 00 00 00 00 00 00 00 00 00
	 00 00 00 00 00 00 00 00 00 00 00
2020-07-20  17:18:27.149  MSG HND  [91]
	 00 00 56 19 10 00 03 01 01 02 00 00 08 00 00 00 00 00 00 00
	 00 00 00 00 00 00 00 00 00 00 00 00 00 00 00 02 01 02 00 00
	 08 00 00 00 00 00 00 00 00 00 00 00 00 00 00 00 00 00 00 00
	 00 00 00 03 01 00 00 00 08 00 00 00 00 00 00 00 00 00 00 00
	 00 00 00 00 00 00 00 00 00 00 00
2020-07-20  17:18:28.146  RX  [91]
	 00 00 56 1A 10 00 03 01 01 02 00 00 08 00 00 00 00 00 00 00
	 00 00 00 00 00 00 00 00 00 00 00 00 00 00 00 02 01 02 00 00
	 08 00 00 00 00 00 00 00 00 00 00 00 00 00 00 00 00 00 00 00
	 00 00 00 03 01 00 00 00 08 00 00 00 00 00 00 00 00 00 00 00
	 00 00 00 00 00 00 00 00 00 00 00
2020-07-20  17:18:28.158  MSG HND  [91]
	 00 00 56 1A 10 00 03 01 01 02 00 00 08 00 00 00 00 00 00 00
	 00 00 00 00 00 00 00 00 00 00 00 00 00 00 00 02 01 02 00 00
	 08 00 00 00 00 00 00 00 00 00 00 00 00 00 00 00 00 00 00 00
	 00 00 00 03 01 00 00 00 08 00 00 00 00 00 00 00 00 00 00 00
	 00 00 00 00 00 00 00 00 00 00 00
2020-07-20  17:18:29.149  RX  [91]
	 00 00 56 1B 10 00 03 01 01 02 00 00 08 00 00 00 00 00 00 00
	 00 00 00 00 00 00 00 00 00 00 00 00 00 00 00 02 01 02 00 00
	 08 00 00 00 00 00 00 00 00 00 00 00 00 00 00 00 00 00 00 00
	 00 00 00 03 01 00 00 00 08 00 00 00 00 00 00 00 00 00 00 00
	 00 00 00 00 00 00 00 00 00 00 00
2020-07-20  17:18:29.161  MSG HND  [91]
	 00 00 56 1B 10 00 03 01 01 02 00 00 08 00 00 00 00 00 00 00
	 00 00 00 00 00 00 00 00 00 00 00 00 00 00 00 02 01 02 00 00
	 08 00 00 00 00 00 00 00 00 00 00 00 00 00 00 00 00 00 00 00
	 00 00 00 03 01 00 00 00 08 00 00 00 00 00 00 00 00 00 00 00
	 00 00 00 00 00 00 00 00 00 00 00
2020-07-20  17:18:30.150  RX  [91]
	 00 00 56 1C 10 00 03 01 01 02 00 00 08 00 00 00 00 00 00 00
	 00 00 00 00 00 00 00 00 00 00 00 00 00 00 00 02 01 02 00 00
	 08 00 00 00 00 00 00 00 00 00 00 00 00 00 00 00 00 00 00 00
	 00 00 00 03 01 00 00 00 08 00 00 00 00 00 00 00 00 00 00 00
	 00 00 00 00 00 00 00 00 00 00 00
2020-07-20  17:18:30.152  MSG HND  [91]
	 00 00 56 1C 10 00 03 01 01 02 00 00 08 00 00 00 00 00 00 00
	 00 00 00 00 00 00 00 00 00 00 00 00 00 00 00 02 01 02 00 00
	 08 00 00 00 00 00 00 00 00 00 00 00 00 00 00 00 00 00 00 00
	 00 00 00 03 01 00 00 00 08 00 00 00 00 00 00 00 00 00 00 00
	 00 00 00 00 00 00 00 00 00 00 00
2020-07-20  17:18:31.152  RX  [91]
	 00 00 56 1D 10 00 03 01 01 02 00 00 08 00 00 00 00 00 00 00
	 00 00 00 00 00 00 00 00 00 00 00 00 00 00 00 02 01 02 00 00
	 08 00 00 00 00 00 00 00 00 00 00 00 00 00 00 00 00 00 00 00
	 00 00 00 03 01 00 00 00 08 00 00 00 00 00 00 00 00 00 00 00
	 00 00 00 00 00 00 00 00 00 00 00
2020-07-20  17:18:31.162  MSG HND  [91]
	 00 00 56 1D 10 00 03 01 01 02 00 00 08 00 00 00 00 00 00 00
	 00 00 00 00 00 00 00 00 00 00 00 00 00 00 00 02 01 02 00 00
	 08 00 00 00 00 00 00 00 00 00 00 00 00 00 00 00 00 00 00 00
	 00 00 00 03 01 00 00 00 08 00 00 00 00 00 00 00 00 00 00 00
	 00 00 00 00 00 00 00 00 00 00 00
2020-07-20  17:18:32.155  RX  [91]
	 00 00 56 1E 10 00 03 01 01 02 00 00 08 00 00 00 00 00 00 00
	 00 00 00 00 00 00 00 00 00 00 00 00 00 00 00 02 01 02 00 00
	 08 00 00 00 00 00 00 00 00 00 00 00 00 00 00 00 00 00 00 00
	 00 00 00 03 01 04 00 00 08 00 00 00 00 00 00 00 00 00 00 00
	 00 00 00 00 00 00 00 00 00 00 00
2020-07-20  17:18:32.156  MSG HND  [91]
	 00 00 56 1E 10 00 03 01 01 02 00 00 08 00 00 00 00 00 00 00
	 00 00 00 00 00 00 00 00 00 00 00 00 00 00 00 02 01 02 00 00
	 08 00 00 00 00 00 00 00 00 00 00 00 00 00 00 00 00 00 00 00
	 00 00 00 03 01 04 00 00 08 00 00 00 00 00 00 00 00 00 00 00
	 00 00 00 00 00 00 00 00 00 00 00
2020-07-20  17:18:33.155  RX  [91]
	 00 00 56 1F 10 00 03 01 01 02 00 00 08 00 00 00 00 00 00 00
	 00 00 00 00 00 00 00 00 00 00 00 00 00 00 00 02 01 02 00 00
	 08 00 00 00 00 00 00 00 00 00 00 00 00 00 00 00 00 00 00 00
	 00 00 00 03 01 04 00 00 08 00 00 00 00 00 00 00 00 00 00 00
	 00 00 00 00 00 00 00 00 00 00 00
2020-07-20  17:18:33.164  MSG HND  [91]
	 00 00 56 1F 10 00 03 01 01 02 00 00 08 00 00 00 00 00 00 00
	 00 00 00 00 00 00 00 00 00 00 00 00 00 00 00 02 01 02 00 00
	 08 00 00 00 00 00 00 00 00 00 00 00 00 00 00 00 00 00 00 00
	 00 00 00 03 01 04 00 00 08 00 00 00 00 00 00 00 00 00 00 00
	 00 00 00 00 00 00 00 00 00 00 00
2020-07-20  17:18:34.158  RX  [91]
	 00 00 56 20 10 00 03 01 01 02 00 00 08 00 00 00 00 00 00 00
	 00 00 00 00 00 00 00 00 00 00 00 00 00 00 00 02 01 02 00 00
	 08 00 00 00 00 00 00 00 00 00 00 00 00 00 00 00 00 00 00 00
	 00 00 00 03 01 04 00 00 08 00 00 00 00 00 00 00 00 00 00 00
	 00 00 00 00 00 00 00 00 00 00 00
2020-07-20  17:18:34.680  MSG HND  [91]
	 00 00 56 20 10 00 03 01 01 02 00 00 08 00 00 00 00 00 00 00
	 00 00 00 00 00 00 00 00 00 00 00 00 00 00 00 02 01 02 00 00
	 08 00 00 00 00 00 00 00 00 00 00 00 00 00 00 00 00 00 00 00
	 00 00 00 03 01 04 00 00 08 00 00 00 00 00 00 00 00 00 00 00
	 00 00 00 00 00 00 00 00 00 00 00
2020-07-20  17:18:35.160  RX  [91]
	 00 00 56 21 10 00 03 01 01 02 00 00 08 00 00 00 00 00 00 00
	 00 00 00 00 00 00 00 00 00 00 00 00 00 00 00 02 01 02 00 00
	 08 00 00 00 00 00 00 00 00 00 00 00 00 00 00 00 00 00 00 00
	 00 00 00 03 01 04 00 00 08 00 00 00 00 00 00 00 00 00 00 00
	 00 00 00 00 00 00 00 00 00 00 00
2020-07-20  17:18:35.174  MSG HND  [91]
	 00 00 56 21 10 00 03 01 01 02 00 00 08 00 00 00 00 00 00 00
	 00 00 00 00 00 00 00 00 00 00 00 00 00 00 00 02 01 02 00 00
	 08 00 00 00 00 00 00 00 00 00 00 00 00 00 00 00 00 00 00 00
	 00 00 00 03 01 04 00 00 08 00 00 00 00 00 00 00 00 00 00 00
	 00 00 00 00 00 00 00 00 00 00 00
2020-07-20  17:18:36.162  RX  [91]
	 00 00 56 22 10 00 03 01 01 02 00 00 08 00 00 00 00 00 00 00
	 00 00 00 00 00 00 00 00 00 00 00 00 00 00 00 02 01 02 00 00
	 08 00 00 00 00 00 00 00 00 00 00 00 00 00 00 00 00 00 00 00
	 00 00 00 03 01 04 00 00 08 00 00 00 00 00 00 00 00 00 00 00
	 00 00 00 00 00 00 00 00 00 00 00
2020-07-20  17:18:36.172  MSG HND  [91]
	 00 00 56 22 10 00 03 01 01 02 00 00 08 00 00 00 00 00 00 00
	 00 00 00 00 00 00 00 00 00 00 00 00 00 00 00 02 01 02 00 00
	 08 00 00 00 00 00 00 00 00 00 00 00 00 00 00 00 00 00 00 00
	 00 00 00 03 01 04 00 00 08 00 00 00 00 00 00 00 00 00 00 00
	 00 00 00 00 00 00 00 00 00 00 00
2020-07-20  17:18:37.164  RX  [91]
	 00 00 56 23 10 00 03 01 01 02 00 00 08 00 00 00 00 00 00 00
	 00 00 00 00 00 00 00 00 00 00 00 00 00 00 00 02 01 02 00 00
	 08 00 00 00 00 00 00 00 00 00 00 00 00 00 00 00 00 00 00 00
	 00 00 00 03 01 04 00 00 08 00 00 00 00 00 00 00 00 00 00 00
	 00 00 00 00 00 00 00 00 00 00 00
2020-07-20  17:18:37.174  MSG HND  [91]
	 00 00 56 23 10 00 03 01 01 02 00 00 08 00 00 00 00 00 00 00
	 00 00 00 00 00 00 00 00 00 00 00 00 00 00 00 02 01 02 00 00
	 08 00 00 00 00 00 00 00 00 00 00 00 00 00 00 00 00 00 00 00
	 00 00 00 03 01 04 00 00 08 00 00 00 00 00 00 00 00 00 00 00
	 00 00 00 00 00 00 00 00 00 00 00
2020-07-20  17:18:38.167  RX  [91]
	 00 00 56 24 10 00 03 02 01 02 00 00 08 00 00 00 00 00 00 00
	 00 00 00 00 00 00 00 00 00 00 00 00 00 00 00 03 01 04 00 00
	 08 00 00 00 00 00 00 00 00 00 00 00 00 00 00 00 00 00 00 00
	 00 00 00 01 01 02 00 00 08 00 00 00 00 00 00 00 00 00 00 00
	 00 00 00 00 00 00 00 00 00 00 01
2020-07-20  17:18:38.170  MSG HND  [91]
	 00 00 56 24 10 00 03 02 01 02 00 00 08 00 00 00 00 00 00 00
	 00 00 00 00 00 00 00 00 00 00 00 00 00 00 00 03 01 04 00 00
	 08 00 00 00 00 00 00 00 00 00 00 00 00 00 00 00 00 00 00 00
	 00 00 00 01 01 02 00 00 08 00 00 00 00 00 00 00 00 00 00 00
	 00 00 00 00 00 00 00 00 00 00 01
2020-07-20  17:18:39.168  RX  [91]
	 00 00 56 25 10 00 03 02 01 02 00 00 08 00 00 00 00 00 00 00
	 00 00 00 00 00 00 00 00 00 00 00 00 00 00 00 03 01 04 00 00
	 08 00 00 00 00 00 00 00 00 00 00 00 00 00 00 00 00 00 00 00
	 00 00 00 01 01 02 00 00 08 00 00 00 00 00 00 00 00 00 00 00
	 00 00 00 00 00 00 00 00 00 00 01
2020-07-20  17:18:39.176  MSG HND  [91]
	 00 00 56 25 10 00 03 02 01 02 00 00 08 00 00 00 00 00 00 00
	 00 00 00 00 00 00 00 00 00 00 00 00 00 00 00 03 01 04 00 00
	 08 00 00 00 00 00 00 00 00 00 00 00 00 00 00 00 00 00 00 00
	 00 00 00 01 01 02 00 00 08 00 00 00 00 00 00 00 00 00 00 00
	 00 00 00 00 00 00 00 00 00 00 01
2020-07-20  17:18:40.170  RX  [91]
	 00 00 56 26 10 00 03 02 01 02 00 00 08 00 00 00 00 00 00 00
	 00 00 00 00 00 00 00 00 00 00 00 00 00 00 00 03 01 04 00 00
	 08 00 00 00 00 00 00 00 00 00 00 00 00 00 00 00 00 00 00 00
	 00 00 00 01 01 02 00 00 08 00 00 00 00 00 00 00 00 00 00 00
	 00 00 00 00 00 00 00 00 00 00 01
2020-07-20  17:18:40.182  MSG HND  [91]
	 00 00 56 26 10 00 03 02 01 02 00 00 08 00 00 00 00 00 00 00
	 00 00 00 00 00 00 00 00 00 00 00 00 00 00 00 03 01 04 00 00
	 08 00 00 00 00 00 00 00 00 00 00 00 00 00 00 00 00 00 00 00
	 00 00 00 01 01 02 00 00 08 00 00 00 00 00 00 00 00 00 00 00
	 00 00 00 00 00 00 00 00 00 00 01
2020-07-20  17:18:41.172  RX  [91]
	 00 00 56 27 10 00 03 02 01 02 00 00 08 00 00 00 00 00 00 00
	 00 00 00 00 00 00 00 00 00 00 00 00 00 00 00 03 01 04 00 00
	 08 00 00 00 00 00 00 00 00 00 00 00 00 00 00 00 00 00 00 00
	 00 00 00 01 01 02 00 00 08 00 00 00 00 00 00 00 00 00 00 00
	 00 00 00 00 00 00 00 00 00 00 01
2020-07-20  17:18:41.182  MSG HND  [91]
	 00 00 56 27 10 00 03 02 01 02 00 00 08 00 00 00 00 00 00 00
	 00 00 00 00 00 00 00 00 00 00 00 00 00 00 00 03 01 04 00 00
	 08 00 00 00 00 00 00 00 00 00 00 00 00 00 00 00 00 00 00 00
	 00 00 00 01 01 02 00 00 08 00 00 00 00 00 00 00 00 00 00 00
	 00 00 00 00 00 00 00 00 00 00 01
2020-07-20  17:18:42.179  RX  [91]
	 00 00 56 28 10 00 03 02 01 02 00 00 08 00 00 00 00 00 00 00
	 00 00 00 00 00 00 00 00 00 00 00 00 00 00 00 03 01 04 00 00
	 08 00 00 00 00 00 00 00 00 00 00 00 00 00 00 00 00 00 00 00
	 00 00 00 01 01 02 00 00 08 00 00 00 00 00 00 00 00 00 00 00
	 00 00 00 00 00 00 00 00 00 00 01
2020-07-20  17:18:42.179  MSG HND  [91]
	 00 00 56 28 10 00 03 02 01 02 00 00 08 00 00 00 00 00 00 00
	 00 00 00 00 00 00 00 00 00 00 00 00 00 00 00 03 01 04 00 00
	 08 00 00 00 00 00 00 00 00 00 00 00 00 00 00 00 00 00 00 00
	 00 00 00 01 01 02 00 00 08 00 00 00 00 00 00 00 00 00 00 00
	 00 00 00 00 00 00 00 00 00 00 01
2020-07-20  17:18:43.175  RX  [91]
	 00 00 56 29 10 00 03 02 01 02 00 00 08 00 00 00 00 00 00 00
	 00 00 00 00 00 00 00 00 00 00 00 00 00 00 00 03 01 04 00 00
	 08 00 00 00 00 00 00 00 00 00 00 00 00 00 00 00 00 00 00 00
	 00 00 00 01 01 02 00 00 08 00 00 00 00 00 00 00 00 00 00 00
	 00 00 00 00 00 00 00 00 00 00 01
2020-07-20  17:18:43.181  MSG HND  [91]
	 00 00 56 29 10 00 03 02 01 02 00 00 08 00 00 00 00 00 00 00
	 00 00 00 00 00 00 00 00 00 00 00 00 00 00 00 03 01 04 00 00
	 08 00 00 00 00 00 00 00 00 00 00 00 00 00 00 00 00 00 00 00
	 00 00 00 01 01 02 00 00 08 00 00 00 00 00 00 00 00 00 00 00
	 00 00 00 00 00 00 00 00 00 00 01
2020-07-20  17:18:44.177  RX  [91]
	 00 00 56 2A 10 00 03 02 01 02 00 00 08 00 00 00 00 00 00 00
	 00 00 00 00 00 00 00 00 00 00 00 00 00 00 00 03 01 04 00 00
	 08 00 00 00 00 00 00 00 00 00 00 00 00 00 00 00 00 00 00 00
	 00 00 00 01 01 02 00 00 08 00 00 00 00 00 00 00 00 00 00 00
	 00 00 00 00 00 00 00 00 00 00 01
2020-07-20  17:18:44.190  MSG HND  [91]
	 00 00 56 2A 10 00 03 02 01 02 00 00 08 00 00 00 00 00 00 00
	 00 00 00 00 00 00 00 00 00 00 00 00 00 00 00 03 01 04 00 00
	 08 00 00 00 00 00 00 00 00 00 00 00 00 00 00 00 00 00 00 00
	 00 00 00 01 01 02 00 00 08 00 00 00 00 00 00 00 00 00 00 00
	 00 00 00 00 00 00 00 00 00 00 01
2020-07-20  17:18:45.179  RX  [91]
	 00 00 56 2B 10 00 03 02 01 02 00 00 08 00 00 00 00 00 00 00
	 00 00 00 00 00 00 00 00 00 00 00 00 00 00 00 03 01 04 00 00
	 08 00 00 00 00 00 00 00 00 00 00 00 00 00 00 00 00 00 00 00
	 00 00 00 01 01 02 00 00 08 00 00 00 00 00 00 00 00 00 00 00
	 00 00 00 00 00 00 00 00 00 00 01
2020-07-20  17:18:45.189  MSG HND  [91]
	 00 00 56 2B 10 00 03 02 01 02 00 00 08 00 00 00 00 00 00 00
	 00 00 00 00 00 00 00 00 00 00 00 00 00 00 00 03 01 04 00 00
	 08 00 00 00 00 00 00 00 00 00 00 00 00 00 00 00 00 00 00 00
	 00 00 00 01 01 02 00 00 08 00 00 00 00 00 00 00 00 00 00 00
	 00 00 00 00 00 00 00 00 00 00 01
2020-07-20  17:18:46.181  RX  [91]
	 00 00 56 2C 10 00 03 02 01 02 00 00 08 00 00 00 00 00 00 00
	 00 00 00 00 00 00 00 00 00 00 00 00 00 00 00 03 01 04 00 00
	 08 00 00 00 00 00 00 00 00 00 00 00 00 00 00 00 00 00 00 00
	 00 00 00 01 01 02 00 00 08 00 00 00 00 00 00 00 00 00 00 00
	 00 00 00 00 00 00 00 00 00 00 01
2020-07-20  17:18:46.190  MSG HND  [91]
	 00 00 56 2C 10 00 03 02 01 02 00 00 08 00 00 00 00 00 00 00
	 00 00 00 00 00 00 00 00 00 00 00 00 00 00 00 03 01 04 00 00
	 08 00 00 00 00 00 00 00 00 00 00 00 00 00 00 00 00 00 00 00
	 00 00 00 01 01 02 00 00 08 00 00 00 00 00 00 00 00 00 00 00
	 00 00 00 00 00 00 00 00 00 00 01
2020-07-20  17:18:47.184  RX  [91]
	 00 00 56 2D 10 00 03 02 01 02 00 00 08 00 00 00 00 00 00 00
	 00 00 00 00 00 00 00 00 00 00 00 00 00 00 00 03 01 04 00 00
	 08 00 00 00 00 00 00 00 00 00 00 00 00 00 00 00 00 00 00 00
	 00 00 00 01 01 02 00 00 08 00 00 00 00 00 00 00 00 00 00 00
	 00 00 00 00 00 00 00 00 00 00 01
2020-07-20  17:18:47.186  MSG HND  [91]
	 00 00 56 2D 10 00 03 02 01 02 00 00 08 00 00 00 00 00 00 00
	 00 00 00 00 00 00 00 00 00 00 00 00 00 00 00 03 01 04 00 00
	 08 00 00 00 00 00 00 00 00 00 00 00 00 00 00 00 00 00 00 00
	 00 00 00 01 01 02 00 00 08 00 00 00 00 00 00 00 00 00 00 00
	 00 00 00 00 00 00 00 00 00 00 01
2020-07-20  17:25:02.343-  Server ip: 127.0.0.1, port : 6000connected.!
2020-07-20  17:25:03.099  RX  [7]
	 00 00 02 01 10 00 00
2020-07-20  17:25:03.109  MSG HND  [7]
	 00 00 02 01 10 00 00
2020-07-20  17:25:04.101  RX  [7]
	 00 00 02 02 10 00 00
2020-07-20  17:25:04.111  MSG HND  [7]
	 00 00 02 02 10 00 00
2020-07-20  17:25:05.103  RX  [7]
	 00 00 02 03 10 00 00
2020-07-20  17:25:05.113  MSG HND  [7]
	 00 00 02 03 10 00 00
2020-07-20  17:25:06.105  RX  [7]
	 00 00 02 04 10 00 00
2020-07-20  17:25:06.113  MSG HND  [7]
	 00 00 02 04 10 00 00
2020-07-20  17:25:07.106  RX  [7]
	 00 00 02 05 10 00 00
2020-07-20  17:25:07.114  MSG HND  [7]
	 00 00 02 05 10 00 00
2020-07-20  17:25:08.107  RX  [7]
	 00 00 02 06 10 00 00
2020-07-20  17:25:08.118  MSG HND  [7]
	 00 00 02 06 10 00 00
2020-07-20  17:25:09.108  RX  [7]
	 00 00 02 07 10 00 00
2020-07-20  17:25:09.109  MSG HND  [7]
	 00 00 02 07 10 00 00
2020-07-20  17:25:10.110  RX  [7]
	 00 00 02 08 10 00 00
2020-07-20  17:25:10.119  MSG HND  [7]
	 00 00 02 08 10 00 00
2020-07-20  17:25:11.110  RX  [7]
	 00 00 02 09 10 00 00
2020-07-20  17:25:11.121  MSG HND  [7]
	 00 00 02 09 10 00 00
2020-07-20  17:25:12.112  RX  [7]
	 00 00 02 0A 10 00 00
2020-07-20  17:25:12.115  MSG HND  [7]
	 00 00 02 0A 10 00 00
2020-07-20  17:25:42.976-  Server ip: 127.0.0.1, port : 6000connected.!
2020-07-20  17:25:43.100  RX  [7]
	 00 00 02 01 10 00 00
2020-07-20  17:25:43.106  MSG HND  [7]
	 00 00 02 01 10 00 00
2020-07-20  17:25:44.101  RX  [7]
	 00 00 02 02 10 00 00
2020-07-20  17:25:44.103  MSG HND  [7]
	 00 00 02 02 10 00 00
2020-07-20  17:25:45.101  RX  [7]
	 00 00 02 03 10 00 00
2020-07-20  17:25:45.102  MSG HND  [7]
	 00 00 02 03 10 00 00
2020-07-20  17:25:46.103  RX  [7]
	 00 00 02 04 10 00 00
2020-07-20  17:25:46.113  MSG HND  [7]
	 00 00 02 04 10 00 00
2020-07-20  17:25:47.105  RX  [7]
	 00 00 02 05 10 00 00
2020-07-20  17:25:47.116  MSG HND  [7]
	 00 00 02 05 10 00 00
2020-07-20  17:25:48.106  RX  [7]
	 00 00 02 06 10 00 00
2020-07-20  17:25:48.108  MSG HND  [7]
	 00 00 02 06 10 00 00
2020-07-20  17:29:01.170-  Server ip: 127.0.0.1, port : 6000connected.!
2020-07-20  17:29:02.101  RX  [7]
	 00 00 02 01 10 00 00
2020-07-20  17:29:02.103  MSG HND  [7]
	 00 00 02 01 10 00 00
2020-07-20  17:29:03.102  RX  [7]
	 00 00 02 02 10 00 00
2020-07-20  17:29:03.104  MSG HND  [7]
	 00 00 02 02 10 00 00
2020-07-20  17:29:04.103  RX  [7]
	 00 00 02 03 10 00 00
2020-07-20  17:29:04.104  MSG HND  [7]
	 00 00 02 03 10 00 00
2020-07-20  17:29:05.107  RX  [7]
	 00 00 02 04 10 00 00
2020-07-20  17:29:05.110  MSG HND  [7]
	 00 00 02 04 10 00 00
2020-07-20  17:29:06.104  RX  [7]
	 00 00 02 05 10 00 00
2020-07-20  17:29:06.106  MSG HND  [7]
	 00 00 02 05 10 00 00
2020-07-20  17:29:07.105  RX  [7]
	 00 00 02 06 10 00 00
2020-07-20  17:29:07.110  MSG HND  [7]
	 00 00 02 06 10 00 00
2020-07-20  17:29:55.720-  Server ip: 127.0.0.1, port : 6000connected.!
2020-07-20  17:29:56.102  RX  [7]
	 00 00 02 01 10 00 00
2020-07-20  17:29:56.106  MSG HND  [7]
	 00 00 02 01 10 00 00
2020-07-20  17:29:57.103  RX  [7]
	 00 00 02 02 10 00 00
2020-07-20  17:29:57.105  MSG HND  [7]
	 00 00 02 02 10 00 00
2020-07-20  17:29:58.104  RX  [7]
	 00 00 02 03 10 00 00
2020-07-20  17:29:58.106  MSG HND  [7]
	 00 00 02 03 10 00 00
2020-07-20  17:29:59.106  RX  [7]
	 00 00 02 04 10 00 00
2020-07-20  17:29:59.119  MSG HND  [7]
	 00 00 02 04 10 00 00
2020-07-20  17:30:00.106  RX  [7]
	 00 00 02 05 10 00 00
2020-07-20  17:30:00.108  MSG HND  [7]
	 00 00 02 05 10 00 00
2020-07-20  17:30:01.108  RX  [7]
	 00 00 02 06 10 00 00
2020-07-20  17:30:01.125  MSG HND  [7]
	 00 00 02 06 10 00 00
2020-07-20  17:30:02.108  RX  [7]
	 00 00 02 07 10 00 00
2020-07-20  17:30:02.111  MSG HND  [7]
	 00 00 02 07 10 00 00
2020-07-20  17:30:03.111  RX  [7]
	 00 00 02 08 10 00 00
2020-07-20  17:30:03.115  MSG HND  [7]
	 00 00 02 08 10 00 00
2020-07-20  17:30:04.117  RX  [7]
	 00 00 02 09 10 00 00
2020-07-20  17:30:04.122  MSG HND  [7]
	 00 00 02 09 10 00 00
2020-07-20  17:30:05.114  RX  [7]
	 00 00 02 0A 10 00 00
2020-07-20  17:30:05.128  MSG HND  [7]
	 00 00 02 0A 10 00 00
2020-07-20  17:30:06.115  RX  [7]
	 00 00 02 0B 10 00 00
2020-07-20  17:30:06.123  MSG HND  [7]
	 00 00 02 0B 10 00 00
2020-07-20  17:30:07.116  RX  [7]
	 00 00 02 0C 10 00 00
2020-07-20  17:30:07.120  MSG HND  [7]
	 00 00 02 0C 10 00 00
2020-07-20  17:30:08.118  RX  [7]
	 00 00 02 0D 10 00 00
2020-07-20  17:30:08.127  MSG HND  [7]
	 00 00 02 0D 10 00 00
2020-07-20  17:30:09.119  RX  [7]
	 00 00 02 0E 10 00 00
2020-07-20  17:30:09.127  MSG HND  [7]
	 00 00 02 0E 10 00 00
2020-07-20  17:30:10.120  RX  [7]
	 00 00 02 0F 10 00 00
2020-07-20  17:30:10.121  MSG HND  [7]
	 00 00 02 0F 10 00 00
2020-07-20  17:30:11.122  RX  [7]
	 00 00 02 10 10 00 00
2020-07-20  17:30:11.131  MSG HND  [7]
	 00 00 02 10 10 00 00
2020-07-20  17:30:12.123  RX  [7]
	 00 00 02 11 10 00 00
2020-07-20  17:30:12.137  MSG HND  [7]
	 00 00 02 11 10 00 00
2020-07-20  17:30:13.124  RX  [7]
	 00 00 02 12 10 00 00
2020-07-20  17:30:13.133  MSG HND  [7]
	 00 00 02 12 10 00 00
2020-07-20  17:30:14.125  RX  [7]
	 00 00 02 13 10 00 00
2020-07-20  17:30:14.130  MSG HND  [7]
	 00 00 02 13 10 00 00
2020-07-20  17:30:15.129  RX  [7]
	 00 00 02 14 10 00 00
2020-07-20  17:30:15.137  MSG HND  [7]
	 00 00 02 14 10 00 00
2020-07-20  17:30:16.130  RX  [7]
	 00 00 02 15 10 00 00
2020-07-20  17:30:16.138  MSG HND  [7]
	 00 00 02 15 10 00 00
2020-07-20  17:30:17.132  RX  [7]
	 00 00 02 16 10 00 00
2020-07-20  17:30:17.140  MSG HND  [7]
	 00 00 02 16 10 00 00
2020-07-20  17:30:18.134  RX  [7]
	 00 00 02 17 10 00 00
2020-07-20  17:30:18.142  MSG HND  [7]
	 00 00 02 17 10 00 00
2020-07-20  17:30:19.136  RX  [7]
	 00 00 02 18 10 00 00
2020-07-20  17:30:19.144  MSG HND  [7]
	 00 00 02 18 10 00 00
2020-07-20  17:30:20.138  RX  [7]
	 00 00 02 19 10 00 00
2020-07-20  17:30:20.146  MSG HND  [7]
	 00 00 02 19 10 00 00
2020-07-20  17:30:21.139  RX  [7]
	 00 00 02 1A 10 00 00
2020-07-20  17:30:21.147  MSG HND  [7]
	 00 00 02 1A 10 00 00
2020-07-20  17:30:22.140  RX  [7]
	 00 00 02 1B 10 00 00
2020-07-20  17:30:22.148  MSG HND  [7]
	 00 00 02 1B 10 00 00
2020-07-20  17:30:23.141  RX  [7]
	 00 00 02 1C 10 00 00
2020-07-20  17:30:23.149  MSG HND  [7]
	 00 00 02 1C 10 00 00
2020-07-20  17:30:24.142  RX  [7]
	 00 00 02 1D 10 00 00
2020-07-20  17:30:24.151  MSG HND  [7]
	 00 00 02 1D 10 00 00
2020-07-20  17:30:25.144  RX  [7]
	 00 00 02 1E 10 00 00
2020-07-20  17:30:25.152  MSG HND  [7]
	 00 00 02 1E 10 00 00
2020-07-20  17:30:26.146  RX  [7]
	 00 00 02 1F 10 00 00
2020-07-20  17:30:26.155  MSG HND  [7]
	 00 00 02 1F 10 00 00
2020-07-20  17:30:27.146  RX  [7]
	 00 00 02 20 10 00 00
2020-07-20  17:30:27.148  MSG HND  [7]
	 00 00 02 20 10 00 00
2020-07-20  17:57:20.182-  Server ip: 127.0.0.1, port : 6000connected.!
2020-07-20  17:57:21.099  RX  [7]
	 00 00 02 01 10 00 00
2020-07-20  17:57:21.100  MSG HND  [7]
	 00 00 02 01 10 00 00
2020-07-20  17:57:22.101  RX  [7]
	 00 00 02 02 10 00 00
2020-07-20  17:57:22.105  MSG HND  [7]
	 00 00 02 02 10 00 00
2020-07-20  17:57:23.103  RX  [7]
	 00 00 02 03 10 00 00
2020-07-20  17:57:23.108  MSG HND  [7]
	 00 00 02 03 10 00 00
2020-07-20  17:57:24.103  RX  [7]
	 00 00 02 04 10 00 00
2020-07-20  17:57:24.106  MSG HND  [7]
	 00 00 02 04 10 00 00
2020-07-20  17:57:25.105  RX  [7]
	 00 00 02 05 10 00 00
2020-07-20  17:57:25.112  MSG HND  [7]
	 00 00 02 05 10 00 00
2020-07-20  17:57:26.107  RX  [7]
	 00 00 02 06 10 00 00
2020-07-20  17:57:26.128  MSG HND  [7]
	 00 00 02 06 10 00 00
2020-07-20  17:57:27.108  RX  [7]
	 00 00 02 07 10 00 00
2020-07-20  17:57:27.118  MSG HND  [7]
	 00 00 02 07 10 00 00
2020-07-20  17:57:28.109  RX  [7]
	 00 00 02 08 10 00 00
2020-07-20  17:57:28.110  MSG HND  [7]
	 00 00 02 08 10 00 00
2020-07-20  18:09:09.982-  Server ip: 127.0.0.1, port : 6000connected.!
2020-07-20  18:09:10.101  RX  [7]
	 00 00 02 01 10 00 00
2020-07-20  18:09:10.105  MSG HND  [7]
	 00 00 02 01 10 00 00
2020-07-20  18:09:11.101  RX  [7]
	 00 00 02 02 10 00 00
2020-07-20  18:09:11.103  MSG HND  [7]
	 00 00 02 02 10 00 00
2020-07-20  18:09:12.105  RX  [7]
	 00 00 02 03 10 00 00
2020-07-20  18:09:12.106  MSG HND  [7]
	 00 00 02 03 10 00 00
2020-07-20  18:09:13.104  RX  [7]
	 00 00 02 04 10 00 00
2020-07-20  18:09:13.105  MSG HND  [7]
	 00 00 02 04 10 00 00
2020-07-20  18:09:14.103  RX  [7]
	 00 00 02 05 10 00 00
2020-07-20  18:09:14.108  MSG HND  [7]
	 00 00 02 05 10 00 00
2020-07-20  18:09:15.105  RX  [7]
	 00 00 02 06 10 00 00
2020-07-20  18:09:15.115  MSG HND  [7]
	 00 00 02 06 10 00 00
2020-07-20  18:09:16.105  RX  [7]
	 00 00 02 07 10 00 00
2020-07-20  18:09:16.107  MSG HND  [7]
	 00 00 02 07 10 00 00
2020-07-20  18:09:17.106  RX  [7]
	 00 00 02 08 10 00 00
2020-07-20  18:09:17.108  MSG HND  [7]
	 00 00 02 08 10 00 00
2020-07-20  18:17:40.383-  Server ip: 127.0.0.1, port : 6000connected.!
2020-07-20  18:17:41.100  RX  [7]
	 00 00 02 01 10 00 00
2020-07-20  18:17:41.101  MSG HND  [7]
	 00 00 02 01 10 00 00
2020-07-20  18:17:42.099  RX  [7]
	 00 00 02 02 10 00 00
2020-07-20  18:17:42.105  MSG HND  [7]
	 00 00 02 02 10 00 00
2020-07-20  18:17:43.100  RX  [7]
	 00 00 02 03 10 00 00
2020-07-20  18:17:43.102  MSG HND  [7]
	 00 00 02 03 10 00 00
2020-07-20  18:17:44.101  RX  [7]
	 00 00 02 04 10 00 00
2020-07-20  18:17:44.102  MSG HND  [7]
	 00 00 02 04 10 00 00
2020-07-20  18:17:45.102  RX  [7]
	 00 00 02 05 10 00 00
2020-07-20  18:17:45.103  MSG HND  [7]
	 00 00 02 05 10 00 00
2020-07-20  18:17:46.104  RX  [7]
	 00 00 02 06 10 00 00
2020-07-20  18:17:46.110  MSG HND  [7]
	 00 00 02 06 10 00 00
2020-07-20  18:17:47.105  RX  [7]
	 00 00 02 07 10 00 00
2020-07-20  18:17:47.112  MSG HND  [7]
	 00 00 02 07 10 00 00
2020-07-20  18:17:48.106  RX  [7]
	 00 00 02 08 10 00 00
2020-07-20  18:17:48.114  MSG HND  [7]
	 00 00 02 08 10 00 00
2020-07-20  18:17:49.108  RX  [7]
	 00 00 02 09 10 00 00
2020-07-20  18:17:49.112  MSG HND  [7]
	 00 00 02 09 10 00 00
2020-07-20  18:17:50.109  RX  [7]
	 00 00 02 0A 10 00 00
2020-07-20  18:17:50.117  MSG HND  [7]
	 00 00 02 0A 10 00 00
2020-07-20  18:17:51.110  RX  [7]
	 00 00 02 0B 10 00 00
2020-07-20  18:17:51.118  MSG HND  [7]
	 00 00 02 0B 10 00 00
2020-07-20  18:17:52.111  RX  [7]
	 00 00 02 0C 10 00 00
2020-07-20  18:17:52.118  MSG HND  [7]
	 00 00 02 0C 10 00 00
2020-07-20  18:17:53.115  RX  [7]
	 00 00 02 0D 10 00 00
2020-07-20  18:17:53.116  MSG HND  [7]
	 00 00 02 0D 10 00 00
2020-07-20  18:17:54.115  RX  [7]
	 00 00 02 0E 10 00 00
2020-07-20  18:17:54.122  MSG HND  [7]
	 00 00 02 0E 10 00 00
2020-07-20  18:17:55.116  RX  [7]
	 00 00 02 0F 10 00 00
2020-07-20  18:17:55.117  MSG HND  [7]
	 00 00 02 0F 10 00 00
2020-07-20  18:17:56.116  RX  [7]
	 00 00 02 10 10 00 00
2020-07-20  18:17:56.123  MSG HND  [7]
	 00 00 02 10 10 00 00
2020-07-20  18:18:02.431-  Server ip: 127.0.0.1, port : 6000connected.!
2020-07-20  18:18:03.100  RX  [7]
	 00 00 02 01 10 00 00
2020-07-20  18:18:03.115  MSG HND  [7]
	 00 00 02 01 10 00 00
2020-07-20  18:18:04.102  RX  [7]
	 00 00 02 02 10 00 00
2020-07-20  18:18:04.105  MSG HND  [7]
	 00 00 02 02 10 00 00
2020-07-20  18:18:05.103  RX  [7]
	 00 00 02 03 10 00 00
2020-07-20  18:18:05.112  MSG HND  [7]
	 00 00 02 03 10 00 00
2020-07-20  18:18:06.105  RX  [7]
	 00 00 02 04 10 00 00
2020-07-20  18:18:06.113  MSG HND  [7]
	 00 00 02 04 10 00 00
2020-07-20  18:18:07.106  RX  [7]
	 00 00 02 05 10 00 00
2020-07-20  18:18:07.107  MSG HND  [7]
	 00 00 02 05 10 00 00
2020-07-20  18:18:08.124  RX  [7]
	 00 00 02 06 10 00 00
2020-07-20  18:18:08.146  MSG HND  [7]
	 00 00 02 06 10 00 00
2020-07-20  18:18:09.111  RX  [7]
	 00 00 02 07 10 00 00
2020-07-20  18:18:09.137  MSG HND  [7]
	 00 00 02 07 10 00 00
2020-07-20  18:18:10.120  RX  [7]
	 00 00 02 08 10 00 00
2020-07-20  18:18:10.121  MSG HND  [7]
	 00 00 02 08 10 00 00
2020-07-20  18:21:39.274-  Server ip: 127.0.0.1, port : 6000connected.!
2020-07-20  18:21:40.101  RX  [7]
	 00 00 02 01 10 00 00
2020-07-20  18:21:40.105  MSG HND  [7]
	 00 00 02 01 10 00 00
2020-07-20  18:21:41.101  RX  [7]
	 00 00 02 02 10 00 00
2020-07-20  18:21:41.106  MSG HND  [7]
	 00 00 02 02 10 00 00
2020-07-20  18:21:42.101  RX  [7]
	 00 00 02 03 10 00 00
2020-07-20  18:21:42.102  MSG HND  [7]
	 00 00 02 03 10 00 00
2020-07-20  18:21:43.103  RX  [7]
	 00 00 02 04 10 00 00
2020-07-20  18:21:43.112  MSG HND  [7]
	 00 00 02 04 10 00 00
2020-07-20  18:21:44.105  RX  [7]
	 00 00 02 05 10 00 00
2020-07-20  18:21:44.106  MSG HND  [7]
	 00 00 02 05 10 00 00
2020-07-20  18:21:45.104  RX  [7]
	 00 00 02 06 10 00 00
2020-07-20  18:21:45.105  MSG HND  [7]
	 00 00 02 06 10 00 00
2020-07-20  18:22:45.442-  Server ip: 127.0.0.1, port : 6000connected.!
2020-07-20  18:22:46.098  RX  [7]
	 00 00 02 01 10 00 00
2020-07-20  18:22:46.099  MSG HND  [7]
	 00 00 02 01 10 00 00
2020-07-20  18:22:47.099  RX  [7]
	 00 00 02 02 10 00 00
2020-07-20  18:22:47.100  MSG HND  [7]
	 00 00 02 02 10 00 00
2020-07-20  18:22:48.100  RX  [7]
	 00 00 02 03 10 00 00
2020-07-20  18:22:48.101  MSG HND  [7]
	 00 00 02 03 10 00 00
2020-07-20  18:22:49.102  RX  [7]
	 00 00 02 04 10 00 00
2020-07-20  18:22:49.116  MSG HND  [7]
	 00 00 02 04 10 00 00
2020-07-20  18:22:50.104  RX  [7]
	 00 00 02 05 10 00 00
2020-07-20  18:22:50.106  MSG HND  [7]
	 00 00 02 05 10 00 00
2020-07-20  18:22:51.105  RX  [7]
	 00 00 02 06 10 00 00
2020-07-20  18:22:51.106  MSG HND  [7]
	 00 00 02 06 10 00 00
2020-07-20  18:22:52.106  RX  [7]
	 00 00 02 07 10 00 00
2020-07-20  18:22:52.109  MSG HND  [7]
	 00 00 02 07 10 00 00
2020-07-20  18:22:53.106  RX  [7]
	 00 00 02 08 10 00 00
2020-07-20  18:22:53.108  MSG HND  [7]
	 00 00 02 08 10 00 00
2020-07-20  18:22:54.107  RX  [7]
	 00 00 02 09 10 00 00
2020-07-20  18:22:54.112  MSG HND  [7]
	 00 00 02 09 10 00 00
2020-07-20  18:22:55.107  RX  [7]
	 00 00 02 0A 10 00 00
2020-07-20  18:22:55.108  MSG HND  [7]
	 00 00 02 0A 10 00 00
2020-07-20  18:23:44.751-  Server ip: 127.0.0.1, port : 6000connected.!
2020-07-20  18:23:45.100  RX  [7]
	 00 00 02 01 10 00 00
2020-07-20  18:23:45.105  MSG HND  [7]
	 00 00 02 01 10 00 00
2020-07-20  18:23:46.102  RX  [7]
	 00 00 02 02 10 00 00
2020-07-20  18:23:46.103  MSG HND  [7]
	 00 00 02 02 10 00 00
2020-07-20  18:23:47.102  RX  [7]
	 00 00 02 03 10 00 00
2020-07-20  18:23:47.103  MSG HND  [7]
	 00 00 02 03 10 00 00
2020-07-20  18:23:48.102  RX  [7]
	 00 00 02 04 10 00 00
2020-07-20  18:23:48.103  MSG HND  [7]
	 00 00 02 04 10 00 00
2020-07-20  18:23:49.127  RX  [7]
	 00 00 02 05 10 00 00
2020-07-20  18:23:49.129  MSG HND  [7]
	 00 00 02 05 10 00 00
2020-07-20  18:23:50.105  RX  [7]
	 00 00 02 06 10 00 00
2020-07-20  18:23:50.110  MSG HND  [7]
	 00 00 02 06 10 00 00
2020-07-20  18:24:58.811-  Server ip: 127.0.0.1, port : 6000connected.!
2020-07-20  18:24:59.099  RX  [7]
	 00 00 02 01 10 00 00
2020-07-20  18:24:59.099  MSG HND  [7]
	 00 00 02 01 10 00 00
2020-07-20  18:25:00.100  RX  [7]
	 00 00 02 02 10 00 00
2020-07-20  18:25:00.101  MSG HND  [7]
	 00 00 02 02 10 00 00
2020-07-20  18:25:01.101  RX  [7]
	 00 00 02 03 10 00 00
2020-07-20  18:25:01.101  MSG HND  [7]
	 00 00 02 03 10 00 00
2020-07-20  18:25:02.102  RX  [7]
	 00 00 02 04 10 00 00
2020-07-20  18:25:02.103  MSG HND  [7]
	 00 00 02 04 10 00 00
2020-07-20  18:25:23.801-  Server ip: 127.0.0.1, port : 6000connected.!
2020-07-20  18:25:24.097  RX  [7]
	 00 00 02 01 10 00 00
2020-07-20  18:25:24.098  MSG HND  [7]
	 00 00 02 01 10 00 00
2020-07-20  18:25:25.099  RX  [7]
	 00 00 02 02 10 00 00
2020-07-20  18:25:25.100  MSG HND  [7]
	 00 00 02 02 10 00 00
2020-07-20  18:25:26.100  RX  [7]
	 00 00 02 03 10 00 00
2020-07-20  18:25:26.100  MSG HND  [7]
	 00 00 02 03 10 00 00
2020-07-20  18:25:27.101  RX  [7]
	 00 00 02 04 10 00 00
2020-07-20  18:25:27.101  MSG HND  [7]
	 00 00 02 04 10 00 00
2020-07-20  18:28:41.534-  Server ip: 127.0.0.1, port : 6000connected.!
2020-07-20  18:28:42.098  RX  [7]
	 00 00 02 01 10 00 00
2020-07-20  18:28:42.098  MSG HND  [7]
	 00 00 02 01 10 00 00
2020-07-20  18:28:43.099  RX  [7]
	 00 00 02 02 10 00 00
2020-07-20  18:28:43.099  MSG HND  [7]
	 00 00 02 02 10 00 00
2020-07-20  18:28:44.099  RX  [7]
	 00 00 02 03 10 00 00
2020-07-20  18:28:44.099  MSG HND  [7]
	 00 00 02 03 10 00 00
2020-07-20  18:28:45.100  RX  [7]
	 00 00 02 04 10 00 00
2020-07-20  18:28:45.100  MSG HND  [7]
	 00 00 02 04 10 00 00
2020-07-20  18:46:23.413-  Server ip: 127.0.0.1, port : 6000connected.!
2020-07-20  18:46:24.099  RX  [7]
	 00 00 02 01 10 00 00
2020-07-20  18:46:24.099  MSG HND  [7]
	 00 00 02 01 10 00 00
2020-07-20  18:46:25.099  RX  [7]
	 00 00 02 02 10 00 00
2020-07-20  18:46:25.099  MSG HND  [7]
	 00 00 02 02 10 00 00
2020-07-20  18:46:26.100  RX  [7]
	 00 00 02 03 10 00 00
2020-07-20  18:46:26.100  MSG HND  [7]
	 00 00 02 03 10 00 00
2020-07-20  18:46:27.101  RX  [7]
	 00 00 02 04 10 00 00
2020-07-20  18:46:27.102  MSG HND  [7]
	 00 00 02 04 10 00 00
2020-07-20  18:46:28.102  RX  [7]
	 00 00 02 05 10 00 00
2020-07-20  18:46:28.102  MSG HND  [7]
	 00 00 02 05 10 00 00
2020-07-20  18:46:29.103  RX  [7]
	 00 00 02 06 10 00 00
2020-07-20  18:46:29.103  MSG HND  [7]
	 00 00 02 06 10 00 00
2020-07-20  18:46:43.374-  Server ip: 127.0.0.1, port : 6000connected.!
2020-07-20  18:46:44.097  RX  [7]
	 00 00 02 01 10 00 00
2020-07-20  18:46:44.097  MSG HND  [7]
	 00 00 02 01 10 00 00
2020-07-20  18:46:45.099  RX  [7]
	 00 00 02 02 10 00 00
2020-07-20  18:46:45.099  MSG HND  [7]
	 00 00 02 02 10 00 00
2020-07-20  18:46:46.099  RX  [7]
	 00 00 02 03 10 00 00
2020-07-20  18:46:46.099  MSG HND  [7]
	 00 00 02 03 10 00 00
2020-07-20  18:46:47.100  RX  [7]
	 00 00 02 04 10 00 00
2020-07-20  18:46:47.101  MSG HND  [7]
	 00 00 02 04 10 00 00
2020-07-20  18:46:48.102  RX  [7]
	 00 00 02 05 10 00 00
2020-07-20  18:46:48.102  MSG HND  [7]
	 00 00 02 05 10 00 00
2020-07-20  18:46:49.103  RX  [7]
	 00 00 02 06 10 00 00
2020-07-20  18:46:49.104  MSG HND  [7]
	 00 00 02 06 10 00 00
2020-07-20  18:46:50.105  RX  [7]
	 00 00 02 07 10 00 00
2020-07-20  18:46:50.105  MSG HND  [7]
	 00 00 02 07 10 00 00
2020-07-20  18:46:51.106  RX  [7]
	 00 00 02 08 10 00 00
2020-07-20  18:46:51.106  MSG HND  [7]
	 00 00 02 08 10 00 00
2020-07-20  18:46:52.108  RX  [7]
	 00 00 02 09 10 00 00
2020-07-20  18:46:52.108  MSG HND  [7]
	 00 00 02 09 10 00 00
2020-07-20  18:46:53.120  RX  [7]
	 00 00 02 0A 10 00 00
2020-07-20  18:46:53.120  MSG HND  [7]
	 00 00 02 0A 10 00 00
2020-07-20  18:46:54.116  RX  [7]
	 00 00 02 0B 10 00 00
2020-07-20  18:46:54.117  MSG HND  [7]
	 00 00 02 0B 10 00 00
2020-07-20  18:46:55.117  RX  [7]
	 00 00 02 0C 10 00 00
2020-07-20  18:46:55.117  MSG HND  [7]
	 00 00 02 0C 10 00 00
