2020-07-08  23:35:38.624-  Server ip: 127.0.0.1, port : 6000connected.!
2020-07-08  23:35:38.776  RX  [7]
	 00 00 02 01 10 00 00
2020-07-08  23:35:39.778  RX  [7]
	 00 00 02 02 10 00 00
2020-07-08  23:35:39.780  MSG HND  [7]
	 00 00 02 01 10 00 00
2020-07-08  23:35:40.780  RX  [7]
	 00 00 02 03 10 00 00
2020-07-08  23:35:40.782  MSG HND  [7]
	 00 00 02 02 10 00 00
2020-07-08  23:35:41.782  RX  [7]
	 00 00 02 04 10 00 00
2020-07-08  23:35:41.784  MSG HND  [7]
	 00 00 02 03 10 00 00
2020-07-08  23:35:42.783  RX  [7]
	 00 00 02 05 10 00 00
2020-07-08  23:35:42.785  MSG HND  [7]
	 00 00 02 04 10 00 00
2020-07-08  23:35:43.785  RX  [7]
	 00 00 02 06 10 00 00
2020-07-08  23:35:43.787  MSG HND  [7]
	 00 00 02 05 10 00 00
2020-07-08  23:35:44.787  RX  [7]
	 00 00 02 07 10 00 00
2020-07-08  23:35:44.788  MSG HND  [7]
	 00 00 02 06 10 00 00
2020-07-08  23:35:45.790  RX  [7]
	 00 00 02 08 10 00 00
2020-07-08  23:35:45.794  MSG HND  [7]
	 00 00 02 07 10 00 00
2020-07-08  23:35:46.794  RX  [7]
	 00 00 02 09 10 00 00
2020-07-08  23:35:46.797  MSG HND  [7]
	 00 00 02 08 10 00 00
2020-07-08  23:38:32.790-  Server ip: 127.0.0.1, port : 6000connected.!
2020-07-08  23:38:33.776  RX  [7]
	 00 00 02 01 10 00 00
2020-07-08  23:38:34.777  RX  [7]
	 00 00 02 02 10 00 00
2020-07-08  23:38:34.779  MSG HND  [7]
	 00 00 02 01 10 00 00
2020-07-08  23:38:35.779  RX  [7]
	 00 00 02 03 10 00 00
2020-07-08  23:38:35.781  MSG HND  [7]
	 00 00 02 02 10 00 00
2020-07-08  23:38:36.780  RX  [7]
	 00 00 02 04 10 00 00
2020-07-08  23:38:36.782  MSG HND  [7]
	 00 00 02 03 10 00 00
2020-07-08  23:38:37.782  RX  [7]
	 00 00 02 05 10 00 00
2020-07-08  23:38:37.784  MSG HND  [7]
	 00 00 02 04 10 00 00
2020-07-08  23:38:38.784  RX  [7]
	 00 00 02 06 10 00 00
2020-07-08  23:38:38.790  MSG HND  [7]
	 00 00 02 05 10 00 00
2020-07-08  23:38:39.788  RX  [7]
	 00 00 02 07 10 00 00
2020-07-08  23:38:39.803  MSG HND  [7]
	 00 00 02 06 10 00 00
2020-07-08  23:38:40.792  RX  [7]
	 00 00 02 08 10 00 00
2020-07-08  23:38:40.797  MSG HND  [7]
	 00 00 02 07 10 00 00
2020-07-08  23:38:41.794  RX  [7]
	 00 00 02 09 10 00 00
2020-07-08  23:38:41.797  MSG HND  [7]
	 00 00 02 08 10 00 00
2020-07-08  23:38:42.795  RX  [7]
	 00 00 02 0A 10 00 00
2020-07-08  23:38:42.797  MSG HND  [7]
	 00 00 02 09 10 00 00
2020-07-08  23:38:43.798  RX  [7]
	 00 00 02 0B 10 00 00
2020-07-08  23:38:43.837  MSG HND  [7]
	 00 00 02 0A 10 00 00
2020-07-08  23:38:44.799  RX  [7]
	 00 00 02 0C 10 00 00
2020-07-08  23:38:44.802  MSG HND  [7]
	 00 00 02 0B 10 00 00
